The target system is: Generic - 1 - mips
The host system is: Linux - 5.10.16.3-microsoft-standard-WSL2 - x86_64
Compiling the C compiler identification source file "CMakeCCompilerId.c" succeeded.
Compiler: /usr/local/pspdev/pspdev/bin/psp-gcc 
Build flags: 
Id flags:  

The output was:
0


Compilation of the C compiler identification source "CMakeCCompilerId.c" produced "a.out"

The C compiler identification is GNU, found in "/mnt/c/Users/spinn/Documents/GitHub/Crystalline/src/build/CMakeFiles/3.16.3/CompilerIdC/a.out"

Compiling the CXX compiler identification source file "CMakeCXXCompilerId.cpp" succeeded.
Compiler: /usr/local/pspdev/pspdev/bin/psp-g++ 
Build flags: 
Id flags:  

The output was:
0


Compilation of the CXX compiler identification source "CMakeCXXCompilerId.cpp" produced "a.out"

The CXX compiler identification is GNU, found in "/mnt/c/Users/spinn/Documents/GitHub/Crystalline/src/build/CMakeFiles/3.16.3/CompilerIdCXX/a.out"

Determining if the C compiler works passed with the following output:
Change Dir: /mnt/c/Users/spinn/Documents/GitHub/Crystalline/src/build/CMakeFiles/CMakeTmp

Run Build Command(s):/usr/bin/make cmTC_d079f/fast && /usr/bin/make -f CMakeFiles/cmTC_d079f.dir/build.make CMakeFiles/cmTC_d079f.dir/build
make[1]: Entering directory '/mnt/c/Users/spinn/Documents/GitHub/Crystalline/src/build/CMakeFiles/CMakeTmp'
Building C object CMakeFiles/cmTC_d079f.dir/testCCompiler.c.obj
/usr/local/pspdev/pspdev/bin/psp-gcc -DPSP -D__PSP__ -I/usr/local/pspdev/pspdev/psp/include -I/usr/local/pspdev/pspdev/psp/sdk/include  -I/usr/local/pspdev/pspdev/psp/include -I/usr/local/pspdev/pspdev/psp/sdk/include -DPSP -O2 -G0    -o CMakeFiles/cmTC_d079f.dir/testCCompiler.c.obj   -c /mnt/c/Users/spinn/Documents/GitHub/Crystalline/src/build/CMakeFiles/CMakeTmp/testCCompiler.c
Linking C executable cmTC_d079f
/usr/bin/cmake -E cmake_link_script CMakeFiles/cmTC_d079f.dir/link.txt --verbose=1
/usr/local/pspdev/pspdev/bin/psp-gcc -I/usr/local/pspdev/pspdev/psp/include -I/usr/local/pspdev/pspdev/psp/sdk/include -DPSP -O2 -G0   -L/usr/local/pspdev/pspdev/lib -L/usr/local/pspdev/pspdev/psp/lib -L/usr/local/pspdev/pspdev/psp/sdk/lib -Wl,-zmax-page-size=128  CMakeFiles/cmTC_d079f.dir/testCCompiler.c.obj  -o cmTC_d079f   -L/usr/local/pspdev/pspdev/lib  -L/usr/local/pspdev/pspdev/psp/lib  -L/usr/local/pspdev/pspdev/psp/sdk/lib 
make[1]: Leaving directory '/mnt/c/Users/spinn/Documents/GitHub/Crystalline/src/build/CMakeFiles/CMakeTmp'



Detecting C compiler ABI info compiled with the following output:
Change Dir: /mnt/c/Users/spinn/Documents/GitHub/Crystalline/src/build/CMakeFiles/CMakeTmp

Run Build Command(s):/usr/bin/make cmTC_ca9a7/fast && /usr/bin/make -f CMakeFiles/cmTC_ca9a7.dir/build.make CMakeFiles/cmTC_ca9a7.dir/build
make[1]: Entering directory '/mnt/c/Users/spinn/Documents/GitHub/Crystalline/src/build/CMakeFiles/CMakeTmp'
Building C object CMakeFiles/cmTC_ca9a7.dir/CMakeCCompilerABI.c.obj
/usr/local/pspdev/pspdev/bin/psp-gcc -DPSP -D__PSP__  -I/usr/local/pspdev/pspdev/psp/include -I/usr/local/pspdev/pspdev/psp/sdk/include -DPSP -O2 -G0    -v -o CMakeFiles/cmTC_ca9a7.dir/CMakeCCompilerABI.c.obj   -c /usr/share/cmake-3.16/Modules/CMakeCCompilerABI.c
Using built-in specs.
COLLECT_GCC=/usr/local/pspdev/pspdev/bin/psp-gcc
Target: psp
Configured with: ../configure --quiet --prefix=/home/runner/work/pspdev/pspdev/pspdev --target=psp --enable-languages=c,c++ --with-float=hard --with-newlib --disable-libssp --disable-multilib --enable-cxx-flags=-G0 --enable-threads=posix --silent
Thread model: posix
Supported LTO compression algorithms: zlib
gcc version 11.2.0 (GCC) 
COLLECT_GCC_OPTIONS='-D' 'PSP' '-D' '__PSP__' '-I' '/usr/local/pspdev/pspdev/psp/include' '-I' '/usr/local/pspdev/pspdev/psp/sdk/include' '-D' 'PSP' '-O2' '-G' '0' '-v' '-o' 'CMakeFiles/cmTC_ca9a7.dir/CMakeCCompilerABI.c.obj' '-c' '-mhard-float' '-msingle-float' '-dumpdir' 'CMakeFiles/cmTC_ca9a7.dir/'
 /usr/local/pspdev/pspdev/bin/../libexec/gcc/psp/11.2.0/cc1 -quiet -v -I /usr/local/pspdev/pspdev/psp/include -I /usr/local/pspdev/pspdev/psp/sdk/include -iprefix /usr/local/pspdev/pspdev/bin/../lib/gcc/psp/11.2.0/ -DPSP=1 -D__PSP__=1 -D_PSP=1 -D__psp__=1 -D PSP -D __PSP__ -D PSP /usr/share/cmake-3.16/Modules/CMakeCCompilerABI.c -G 0 -quiet -dumpdir CMakeFiles/cmTC_ca9a7.dir/ -dumpbase CMakeCCompilerABI.c.c -dumpbase-ext .c -mhard-float -msingle-float -O2 -version -o /tmp/ccVvg5RG.s
GNU C17 (GCC) version 11.2.0 (psp)
	compiled by GNU C version 9.4.0, GMP version 6.2.0, MPFR version 4.0.2, MPC version 1.1.0, isl version none
GGC heuristics: --param ggc-min-expand=100 --param ggc-min-heapsize=131072
ignoring nonexistent directory "/usr/local/pspdev/pspdev/bin/../lib/gcc/psp/11.2.0/../../../../psp/sys-include"
ignoring duplicate directory "/usr/local/pspdev/pspdev/bin/../lib/gcc/../../lib/gcc/psp/11.2.0/include"
ignoring duplicate directory "/usr/local/pspdev/pspdev/bin/../lib/gcc/../../lib/gcc/psp/11.2.0/include-fixed"
ignoring nonexistent directory "/usr/local/pspdev/pspdev/bin/../lib/gcc/../../lib/gcc/psp/11.2.0/../../../../psp/sys-include"
ignoring duplicate directory "/usr/local/pspdev/pspdev/bin/../lib/gcc/../../lib/gcc/psp/11.2.0/../../../../psp/include"
ignoring duplicate directory "/usr/local/pspdev/pspdev/psp/include"
  as it is a non-system directory that duplicates a system directory
#include "..." search starts here:
#include <...> search starts here:
 /usr/local/pspdev/pspdev/psp/sdk/include
 /usr/local/pspdev/pspdev/bin/../lib/gcc/psp/11.2.0/include
 /usr/local/pspdev/pspdev/bin/../lib/gcc/psp/11.2.0/include-fixed
 /usr/local/pspdev/pspdev/bin/../lib/gcc/psp/11.2.0/../../../../psp/include
End of search list.
GNU C17 (GCC) version 11.2.0 (psp)
	compiled by GNU C version 9.4.0, GMP version 6.2.0, MPFR version 4.0.2, MPC version 1.1.0, isl version none
GGC heuristics: --param ggc-min-expand=100 --param ggc-min-heapsize=131072
Compiler executable checksum: 154afed43caae206d6aca2cf9e425fb0
COLLECT_GCC_OPTIONS='-D' 'PSP' '-D' '__PSP__' '-I' '/usr/local/pspdev/pspdev/psp/include' '-I' '/usr/local/pspdev/pspdev/psp/sdk/include' '-D' 'PSP' '-O2' '-G' '0' '-v' '-o' 'CMakeFiles/cmTC_ca9a7.dir/CMakeCCompilerABI.c.obj' '-c' '-mhard-float' '-msingle-float' '-dumpdir' 'CMakeFiles/cmTC_ca9a7.dir/'
 /usr/local/pspdev/pspdev/bin/../lib/gcc/psp/11.2.0/../../../../psp/bin/as -G 0 -EL -O2 -mabi=eabi -mhard-float -msingle-float -o CMakeFiles/cmTC_ca9a7.dir/CMakeCCompilerABI.c.obj /tmp/ccVvg5RG.s
COMPILER_PATH=/usr/local/pspdev/pspdev/bin/../libexec/gcc/psp/11.2.0/:/usr/local/pspdev/pspdev/bin/../libexec/gcc/:/usr/local/pspdev/pspdev/bin/../lib/gcc/psp/11.2.0/../../../../psp/bin/
LIBRARY_PATH=/usr/local/pspdev/pspdev/bin/../lib/gcc/psp/11.2.0/:/usr/local/pspdev/pspdev/bin/../lib/gcc/:/usr/local/pspdev/pspdev/bin/../lib/gcc/psp/11.2.0/../../../../psp/lib/
COLLECT_GCC_OPTIONS='-D' 'PSP' '-D' '__PSP__' '-I' '/usr/local/pspdev/pspdev/psp/include' '-I' '/usr/local/pspdev/pspdev/psp/sdk/include' '-D' 'PSP' '-O2' '-G' '0' '-v' '-o' 'CMakeFiles/cmTC_ca9a7.dir/CMakeCCompilerABI.c.obj' '-c' '-mhard-float' '-msingle-float' '-dumpdir' 'CMakeFiles/cmTC_ca9a7.dir/CMakeCCompilerABI.c.'
Linking C executable cmTC_ca9a7
/usr/bin/cmake -E cmake_link_script CMakeFiles/cmTC_ca9a7.dir/link.txt --verbose=1
/usr/local/pspdev/pspdev/bin/psp-gcc -I/usr/local/pspdev/pspdev/psp/include -I/usr/local/pspdev/pspdev/psp/sdk/include -DPSP -O2 -G0   -L/usr/local/pspdev/pspdev/lib -L/usr/local/pspdev/pspdev/psp/lib -L/usr/local/pspdev/pspdev/psp/sdk/lib -Wl,-zmax-page-size=128 -v CMakeFiles/cmTC_ca9a7.dir/CMakeCCompilerABI.c.obj  -o cmTC_ca9a7   -L/usr/local/pspdev/pspdev/lib  -L/usr/local/pspdev/pspdev/psp/lib  -L/usr/local/pspdev/pspdev/psp/sdk/lib 
Using built-in specs.
COLLECT_GCC=/usr/local/pspdev/pspdev/bin/psp-gcc
COLLECT_LTO_WRAPPER=/usr/local/pspdev/pspdev/bin/../libexec/gcc/psp/11.2.0/lto-wrapper
Target: psp
Configured with: ../configure --quiet --prefix=/home/runner/work/pspdev/pspdev/pspdev --target=psp --enable-languages=c,c++ --with-float=hard --with-newlib --disable-libssp --disable-multilib --enable-cxx-flags=-G0 --enable-threads=posix --silent
Thread model: posix
Supported LTO compression algorithms: zlib
gcc version 11.2.0 (GCC) 
COMPILER_PATH=/usr/local/pspdev/pspdev/bin/../libexec/gcc/psp/11.2.0/:/usr/local/pspdev/pspdev/bin/../libexec/gcc/:/usr/local/pspdev/pspdev/bin/../lib/gcc/psp/11.2.0/../../../../psp/bin/
LIBRARY_PATH=/usr/local/pspdev/pspdev/bin/../lib/gcc/psp/11.2.0/:/usr/local/pspdev/pspdev/bin/../lib/gcc/:/usr/local/pspdev/pspdev/bin/../lib/gcc/psp/11.2.0/../../../../psp/lib/
COLLECT_GCC_OPTIONS='-I' '/usr/local/pspdev/pspdev/psp/include' '-I' '/usr/local/pspdev/pspdev/psp/sdk/include' '-D' 'PSP' '-O2' '-G' '0' '-L/usr/local/pspdev/pspdev/lib' '-L/usr/local/pspdev/pspdev/psp/lib' '-L/usr/local/pspdev/pspdev/psp/sdk/lib' '-v' '-o' 'cmTC_ca9a7' '-L/usr/local/pspdev/pspdev/lib' '-L/usr/local/pspdev/pspdev/psp/lib' '-L/usr/local/pspdev/pspdev/psp/sdk/lib' '-mhard-float' '-msingle-float' '-dumpdir' 'cmTC_ca9a7.'
 /usr/local/pspdev/pspdev/bin/../libexec/gcc/psp/11.2.0/collect2 -plugin /usr/local/pspdev/pspdev/bin/../libexec/gcc/psp/11.2.0/liblto_plugin.so -plugin-opt=/usr/local/pspdev/pspdev/bin/../libexec/gcc/psp/11.2.0/lto-wrapper -plugin-opt=-fresolution=/tmp/cc7QepS7.res -plugin-opt=-pass-through=-lgcc -plugin-opt=-pass-through=-lm -plugin-opt=-pass-through=-lpthreadglue -plugin-opt=-pass-through=-lpthread -plugin-opt=-pass-through=-lcglue -plugin-opt=-pass-through=-lc -plugin-opt=-pass-through=-lpsputility -plugin-opt=-pass-through=-lpsprtc -plugin-opt=-pass-through=-lpspnet_inet -plugin-opt=-pass-through=-lpspnet_resolver -plugin-opt=-pass-through=-lpspsdk -plugin-opt=-pass-through=-lpspmodinfo -plugin-opt=-pass-through=-lpspuser -plugin-opt=-pass-through=-lpspkernel -plugin-opt=-pass-through=-lgcc -EL -G 0 -o cmTC_ca9a7 /usr/local/pspdev/pspdev/bin/../lib/gcc/psp/11.2.0/../../../../psp/lib/crt0.o /usr/local/pspdev/pspdev/bin/../lib/gcc/psp/11.2.0/crti.o /usr/local/pspdev/pspdev/bin/../lib/gcc/psp/11.2.0/crtbegin.o -L/usr/local/pspdev/pspdev/lib -L/usr/local/pspdev/pspdev/psp/lib -L/usr/local/pspdev/pspdev/psp/sdk/lib -L/usr/local/pspdev/pspdev/lib -L/usr/local/pspdev/pspdev/psp/lib -L/usr/local/pspdev/pspdev/psp/sdk/lib -L/usr/local/pspdev/pspdev/bin/../lib/gcc/psp/11.2.0 -L/usr/local/pspdev/pspdev/bin/../lib/gcc -L/usr/local/pspdev/pspdev/bin/../lib/gcc/psp/11.2.0/../../../../psp/lib -zmax-page-size=128 CMakeFiles/cmTC_ca9a7.dir/CMakeCCompilerABI.c.obj -lgcc -lm --start-group -lpthreadglue -lpthread -lcglue -lc --end-group -lpsputility -lpsprtc -lpspnet_inet -lpspnet_resolver -lpspsdk -lpspmodinfo -lpspuser -lpspkernel -lgcc /usr/local/pspdev/pspdev/bin/../lib/gcc/psp/11.2.0/crtend.o /usr/local/pspdev/pspdev/bin/../lib/gcc/psp/11.2.0/crtn.o
/usr/local/pspdev/pspdev/bin/../libexec/gcc/psp/11.2.0/lto-wrapper -fresolution=/tmp/cc7QepS7.res -flinker-output=exec /usr/local/pspdev/pspdev/psp/lib/libpthread.a@0x5e3ca /usr/local/pspdev/pspdev/psp/lib/libpthread.a@0x6039e /usr/local/pspdev/pspdev/psp/lib/libpthread.a@0x62592 /usr/local/pspdev/pspdev/psp/lib/libpthread.a@0x63faa /usr/local/pspdev/pspdev/psp/lib/libpthread.a@0x1aae /usr/local/pspdev/pspdev/psp/lib/libpthread.a@0x4f92 /usr/local/pspdev/pspdev/psp/lib/libpthread.a@0x6f3a /usr/local/pspdev/pspdev/psp/lib/libpthread.a@0xb382 /usr/local/pspdev/pspdev/psp/lib/libpthread.a@0x19a8a /usr/local/pspdev/pspdev/psp/lib/libpthread.a@0x1b8be /usr/local/pspdev/pspdev/psp/lib/libpthread.a@0x262c2 /usr/local/pspdev/pspdev/psp/lib/libpthread.a@0x52be6 /usr/local/pspdev/pspdev/psp/lib/libpthread.a@0x56fc6 /usr/local/pspdev/pspdev/psp/lib/libpthread.a@0x5a8fa /usr/local/pspdev/pspdev/psp/lib/libpthread.a@0x5c31a /usr/local/pspdev/pspdev/psp/lib/libpthread.a@0x661fe /usr/local/pspdev/pspdev/psp/lib/libpthread.a@0x676b2 /usr/local/pspdev/pspdev/psp/lib/libpthread.a@0x69b46 /usr/local/pspdev/pspdev/psp/lib/libpthread.a@0x35c2 
/usr/local/pspdev/pspdev/bin/../libexec/gcc/psp/11.2.0/lto-wrapper -fresolution=/tmp/cc7QepS7.res -flinker-output=exec /usr/local/pspdev/pspdev/psp/lib/libpthread.a@0x5e3ca /usr/local/pspdev/pspdev/psp/lib/libpthread.a@0x6039e /usr/local/pspdev/pspdev/psp/lib/libpthread.a@0x62592 /usr/local/pspdev/pspdev/psp/lib/libpthread.a@0x63faa /usr/local/pspdev/pspdev/psp/lib/libpthread.a@0x1aae /usr/local/pspdev/pspdev/psp/lib/libpthread.a@0x4f92 /usr/local/pspdev/pspdev/psp/lib/libpthread.a@0x6f3a /usr/local/pspdev/pspdev/psp/lib/libpthread.a@0xb382 /usr/local/pspdev/pspdev/psp/lib/libpthread.a@0x19a8a /usr/local/pspdev/pspdev/psp/lib/libpthread.a@0x1b8be /usr/local/pspdev/pspdev/psp/lib/libpthread.a@0x262c2 /usr/local/pspdev/pspdev/psp/lib/libpthread.a@0x52be6 /usr/local/pspdev/pspdev/psp/lib/libpthread.a@0x56fc6 /usr/local/pspdev/pspdev/psp/lib/libpthread.a@0x5a8fa /usr/local/pspdev/pspdev/psp/lib/libpthread.a@0x5c31a /usr/local/pspdev/pspdev/psp/lib/libpthread.a@0x661fe /usr/local/pspdev/pspdev/psp/lib/libpthread.a@0x676b2 /usr/local/pspdev/pspdev/psp/lib/libpthread.a@0x69b46 /usr/local/pspdev/pspdev/psp/lib/libpthread.a@0x35c2 
/usr/local/pspdev/pspdev/bin/psp-gcc @/tmp/cctDBL5n
Using built-in specs.
COLLECT_GCC=/usr/local/pspdev/pspdev/bin/psp-gcc
Target: psp
Configured with: ../configure --quiet --prefix=/home/runner/work/pspdev/pspdev/pspdev --target=psp --enable-languages=c,c++ --with-float=hard --with-newlib --disable-libssp --disable-multilib --enable-cxx-flags=-G0 --enable-threads=posix --silent
Thread model: posix
Supported LTO compression algorithms: zlib
gcc version 11.2.0 (GCC) 
COLLECT_GCC_OPTIONS='-c' '-fno-openmp' '-fno-openacc' '-fno-pie' '-fcf-protection=none' '-G' '0' '-mhard-float' '-msingle-float' '-O3' '-O2' '-G' '0' '-L/usr/local/pspdev/pspdev/lib' '-L/usr/local/pspdev/pspdev/psp/lib' '-L/usr/local/pspdev/pspdev/psp/sdk/lib' '-v' '-L/usr/local/pspdev/pspdev/lib' '-L/usr/local/pspdev/pspdev/psp/lib' '-L/usr/local/pspdev/pspdev/psp/sdk/lib' '-mhard-float' '-msingle-float'   '-fltrans-output-list=/tmp/ccTyN3Xl.ltrans.out' '-fwpa' '-fresolution=/tmp/cc7QepS7.res' '-flinker-output=exec'
 /usr/local/pspdev/pspdev/bin/../lib/gcc/../../libexec/gcc/psp/11.2.0/lto1 -G 0 -G 0 -quiet -dumpbase ./cmTC_ca9a7.wpa -mhard-float -msingle-float -mhard-float -msingle-float -O3 -O2 -version -fno-openmp -fno-openacc -fno-pie -fcf-protection=none -fltrans-output-list=/tmp/ccTyN3Xl.ltrans.out -fwpa -fresolution=/tmp/cc7QepS7.res -flinker-output=exec @/tmp/ccGqBHMp
GNU GIMPLE (GCC) version 11.2.0 (psp)
	compiled by GNU C version 9.4.0, GMP version 6.2.0, MPFR version 4.0.2, MPC version 1.1.0, isl version none
GGC heuristics: --param ggc-min-expand=100 --param ggc-min-heapsize=131072
GNU GIMPLE (GCC) version 11.2.0 (psp)
	compiled by GNU C version 9.4.0, GMP version 6.2.0, MPFR version 4.0.2, MPC version 1.1.0, isl version none
GGC heuristics: --param ggc-min-expand=100 --param ggc-min-heapsize=131072
COMPILER_PATH=/usr/local/pspdev/pspdev/bin/../lib/gcc/../../libexec/gcc/psp/11.2.0/:/usr/local/pspdev/pspdev/bin/../lib/gcc/../../libexec/gcc/:/usr/local/pspdev/pspdev/bin/../libexec/gcc/psp/11.2.0/:/usr/local/pspdev/pspdev/bin/../libexec/gcc/psp/11.2.0/:/usr/local/pspdev/pspdev/bin/../libexec/gcc/:/usr/local/pspdev/pspdev/bin/../lib/gcc/psp/11.2.0/../../../../psp/bin/:/usr/local/pspdev/pspdev/bin/../lib/gcc/psp/11.2.0/../../../../psp/bin/
LIBRARY_PATH=/usr/local/pspdev/pspdev/bin/../lib/gcc/psp/11.2.0/:/usr/local/pspdev/pspdev/bin/../lib/gcc/:/usr/local/pspdev/pspdev/bin/../lib/gcc/psp/11.2.0/../../../../psp/lib/
COLLECT_GCC_OPTIONS='-c' '-fno-openmp' '-fno-openacc' '-fno-pie' '-fcf-protection=none' '-G' '0' '-mhard-float' '-msingle-float' '-O3' '-O2' '-G' '0' '-L/usr/local/pspdev/pspdev/lib' '-L/usr/local/pspdev/pspdev/psp/lib' '-L/usr/local/pspdev/pspdev/psp/sdk/lib' '-v' '-L/usr/local/pspdev/pspdev/lib' '-L/usr/local/pspdev/pspdev/psp/lib' '-L/usr/local/pspdev/pspdev/psp/sdk/lib' '-mhard-float' '-msingle-float'   '-fltrans-output-list=/tmp/ccTyN3Xl.ltrans.out' '-fwpa' '-fresolution=/tmp/cc7QepS7.res' '-flinker-output=exec' '-dumpdir' './cmTC_ca9a7.wpa.'
/usr/local/pspdev/pspdev/bin/psp-gcc @/tmp/ccTYEYZn
Using built-in specs.
COLLECT_GCC=/usr/local/pspdev/pspdev/bin/psp-gcc
Target: psp
Configured with: ../configure --quiet --prefix=/home/runner/work/pspdev/pspdev/pspdev --target=psp --enable-languages=c,c++ --with-float=hard --with-newlib --disable-libssp --disable-multilib --enable-cxx-flags=-G0 --enable-threads=posix --silent
Thread model: posix
Supported LTO compression algorithms: zlib
gcc version 11.2.0 (GCC) 
COLLECT_GCC_OPTIONS='-c' '-fno-openmp' '-fno-openacc' '-fno-pie' '-fcf-protection=none' '-G' '0' '-mhard-float' '-msingle-float' '-O3' '-O2' '-G' '0' '-L/usr/local/pspdev/pspdev/lib' '-L/usr/local/pspdev/pspdev/psp/lib' '-L/usr/local/pspdev/pspdev/psp/sdk/lib' '-v' '-L/usr/local/pspdev/pspdev/lib' '-L/usr/local/pspdev/pspdev/psp/lib' '-L/usr/local/pspdev/pspdev/psp/sdk/lib' '-mhard-float' '-msingle-float'   '-fltrans' '-o' '/tmp/ccTyN3Xl.ltrans0.ltrans.o'
 /usr/local/pspdev/pspdev/bin/../lib/gcc/../../libexec/gcc/psp/11.2.0/lto1 -G 0 -G 0 -quiet -dumpbase ./cmTC_ca9a7.ltrans0.ltrans -mhard-float -msingle-float -mhard-float -msingle-float -O3 -O2 -version -fno-openmp -fno-openacc -fno-pie -fcf-protection=none -fltrans @/tmp/ccfH3fBD -o /tmp/ccHBbt5C.s
GNU GIMPLE (GCC) version 11.2.0 (psp)
	compiled by GNU C version 9.4.0, GMP version 6.2.0, MPFR version 4.0.2, MPC version 1.1.0, isl version none
GGC heuristics: --param ggc-min-expand=100 --param ggc-min-heapsize=131072
GNU GIMPLE (GCC) version 11.2.0 (psp)
	compiled by GNU C version 9.4.0, GMP version 6.2.0, MPFR version 4.0.2, MPC version 1.1.0, isl version none
GGC heuristics: --param ggc-min-expand=100 --param ggc-min-heapsize=131072
COLLECT_GCC_OPTIONS='-c' '-fno-openmp' '-fno-openacc' '-fno-pie' '-fcf-protection=none' '-G' '0' '-mhard-float' '-msingle-float' '-O3' '-O2' '-G' '0' '-L/usr/local/pspdev/pspdev/lib' '-L/usr/local/pspdev/pspdev/psp/lib' '-L/usr/local/pspdev/pspdev/psp/sdk/lib' '-v' '-L/usr/local/pspdev/pspdev/lib' '-L/usr/local/pspdev/pspdev/psp/lib' '-L/usr/local/pspdev/pspdev/psp/sdk/lib' '-mhard-float' '-msingle-float'   '-fltrans' '-o' '/tmp/ccTyN3Xl.ltrans0.ltrans.o'
 /usr/local/pspdev/pspdev/bin/../lib/gcc/psp/11.2.0/../../../../psp/bin/as -G 0 -G 0 -EL -O2 -mabi=eabi -mhard-float -mhard-float -msingle-float -msingle-float -o /tmp/ccTyN3Xl.ltrans0.ltrans.o /tmp/ccHBbt5C.s
COMPILER_PATH=/usr/local/pspdev/pspdev/bin/../lib/gcc/../../libexec/gcc/psp/11.2.0/:/usr/local/pspdev/pspdev/bin/../lib/gcc/../../libexec/gcc/:/usr/local/pspdev/pspdev/bin/../libexec/gcc/psp/11.2.0/:/usr/local/pspdev/pspdev/bin/../libexec/gcc/psp/11.2.0/:/usr/local/pspdev/pspdev/bin/../libexec/gcc/:/usr/local/pspdev/pspdev/bin/../lib/gcc/psp/11.2.0/../../../../psp/bin/:/usr/local/pspdev/pspdev/bin/../lib/gcc/psp/11.2.0/../../../../psp/bin/
LIBRARY_PATH=/usr/local/pspdev/pspdev/bin/../lib/gcc/psp/11.2.0/:/usr/local/pspdev/pspdev/bin/../lib/gcc/:/usr/local/pspdev/pspdev/bin/../lib/gcc/psp/11.2.0/../../../../psp/lib/
COLLECT_GCC_OPTIONS='-c' '-fno-openmp' '-fno-openacc' '-fno-pie' '-fcf-protection=none' '-G' '0' '-mhard-float' '-msingle-float' '-O3' '-O2' '-G' '0' '-L/usr/local/pspdev/pspdev/lib' '-L/usr/local/pspdev/pspdev/psp/lib' '-L/usr/local/pspdev/pspdev/psp/sdk/lib' '-v' '-L/usr/local/pspdev/pspdev/lib' '-L/usr/local/pspdev/pspdev/psp/lib' '-L/usr/local/pspdev/pspdev/psp/sdk/lib' '-mhard-float' '-msingle-float'   '-fltrans' '-o' '/tmp/ccTyN3Xl.ltrans0.ltrans.o' '-dumpdir' './cmTC_ca9a7.ltrans0.ltrans.'
COLLECT_GCC_OPTIONS='-I' '/usr/local/pspdev/pspdev/psp/include' '-I' '/usr/local/pspdev/pspdev/psp/sdk/include' '-D' 'PSP' '-O2' '-G' '0' '-L/usr/local/pspdev/pspdev/lib' '-L/usr/local/pspdev/pspdev/psp/lib' '-L/usr/local/pspdev/pspdev/psp/sdk/lib' '-v' '-o' 'cmTC_ca9a7' '-L/usr/local/pspdev/pspdev/lib' '-L/usr/local/pspdev/pspdev/psp/lib' '-L/usr/local/pspdev/pspdev/psp/sdk/lib' '-mhard-float' '-msingle-float' '-dumpdir' 'cmTC_ca9a7.'
make[1]: Leaving directory '/mnt/c/Users/spinn/Documents/GitHub/Crystalline/src/build/CMakeFiles/CMakeTmp'



Parsed C implicit include dir info from above output: rv=done
  found start of include info
  found start of implicit include info
    add: [/usr/local/pspdev/pspdev/psp/sdk/include]
    add: [/usr/local/pspdev/pspdev/bin/../lib/gcc/psp/11.2.0/include]
    add: [/usr/local/pspdev/pspdev/bin/../lib/gcc/psp/11.2.0/include-fixed]
    add: [/usr/local/pspdev/pspdev/bin/../lib/gcc/psp/11.2.0/../../../../psp/include]
  end of search list found
  collapse include dir [/usr/local/pspdev/pspdev/psp/sdk/include] ==> [/usr/local/pspdev/pspdev/psp/sdk/include]
  collapse include dir [/usr/local/pspdev/pspdev/bin/../lib/gcc/psp/11.2.0/include] ==> [/usr/local/pspdev/pspdev/lib/gcc/psp/11.2.0/include]
  collapse include dir [/usr/local/pspdev/pspdev/bin/../lib/gcc/psp/11.2.0/include-fixed] ==> [/usr/local/pspdev/pspdev/lib/gcc/psp/11.2.0/include-fixed]
  collapse include dir [/usr/local/pspdev/pspdev/bin/../lib/gcc/psp/11.2.0/../../../../psp/include] ==> [/usr/local/pspdev/pspdev/psp/include]
  implicit include dirs: [/usr/local/pspdev/pspdev/psp/sdk/include;/usr/local/pspdev/pspdev/lib/gcc/psp/11.2.0/include;/usr/local/pspdev/pspdev/lib/gcc/psp/11.2.0/include-fixed;/usr/local/pspdev/pspdev/psp/include]


Parsed C implicit link information from above output:
  link line regex: [^( *|.*[/\])(psp-ld|CMAKE_LINK_STARTFILE-NOTFOUND|([^/\]+-)?ld|collect2)[^/\]*( |$)]
  ignore line: [Change Dir: /mnt/c/Users/spinn/Documents/GitHub/Crystalline/src/build/CMakeFiles/CMakeTmp]
  ignore line: []
  ignore line: [Run Build Command(s):/usr/bin/make cmTC_ca9a7/fast && /usr/bin/make -f CMakeFiles/cmTC_ca9a7.dir/build.make CMakeFiles/cmTC_ca9a7.dir/build]
  ignore line: [make[1]: Entering directory '/mnt/c/Users/spinn/Documents/GitHub/Crystalline/src/build/CMakeFiles/CMakeTmp']
  ignore line: [Building C object CMakeFiles/cmTC_ca9a7.dir/CMakeCCompilerABI.c.obj]
  ignore line: [/usr/local/pspdev/pspdev/bin/psp-gcc -DPSP -D__PSP__  -I/usr/local/pspdev/pspdev/psp/include -I/usr/local/pspdev/pspdev/psp/sdk/include -DPSP -O2 -G0    -v -o CMakeFiles/cmTC_ca9a7.dir/CMakeCCompilerABI.c.obj   -c /usr/share/cmake-3.16/Modules/CMakeCCompilerABI.c]
  ignore line: [Using built-in specs.]
  ignore line: [COLLECT_GCC=/usr/local/pspdev/pspdev/bin/psp-gcc]
  ignore line: [Target: psp]
  ignore line: [Configured with: ../configure --quiet --prefix=/home/runner/work/pspdev/pspdev/pspdev --target=psp --enable-languages=c c++ --with-float=hard --with-newlib --disable-libssp --disable-multilib --enable-cxx-flags=-G0 --enable-threads=posix --silent]
  ignore line: [Thread model: posix]
  ignore line: [Supported LTO compression algorithms: zlib]
  ignore line: [gcc version 11.2.0 (GCC) ]
  ignore line: [COLLECT_GCC_OPTIONS='-D' 'PSP' '-D' '__PSP__' '-I' '/usr/local/pspdev/pspdev/psp/include' '-I' '/usr/local/pspdev/pspdev/psp/sdk/include' '-D' 'PSP' '-O2' '-G' '0' '-v' '-o' 'CMakeFiles/cmTC_ca9a7.dir/CMakeCCompilerABI.c.obj' '-c' '-mhard-float' '-msingle-float' '-dumpdir' 'CMakeFiles/cmTC_ca9a7.dir/']
  ignore line: [ /usr/local/pspdev/pspdev/bin/../libexec/gcc/psp/11.2.0/cc1 -quiet -v -I /usr/local/pspdev/pspdev/psp/include -I /usr/local/pspdev/pspdev/psp/sdk/include -iprefix /usr/local/pspdev/pspdev/bin/../lib/gcc/psp/11.2.0/ -DPSP=1 -D__PSP__=1 -D_PSP=1 -D__psp__=1 -D PSP -D __PSP__ -D PSP /usr/share/cmake-3.16/Modules/CMakeCCompilerABI.c -G 0 -quiet -dumpdir CMakeFiles/cmTC_ca9a7.dir/ -dumpbase CMakeCCompilerABI.c.c -dumpbase-ext .c -mhard-float -msingle-float -O2 -version -o /tmp/ccVvg5RG.s]
  ignore line: [GNU C17 (GCC) version 11.2.0 (psp)]
  ignore line: [	compiled by GNU C version 9.4.0  GMP version 6.2.0  MPFR version 4.0.2  MPC version 1.1.0  isl version none]
  ignore line: [GGC heuristics: --param ggc-min-expand=100 --param ggc-min-heapsize=131072]
  ignore line: [ignoring nonexistent directory "/usr/local/pspdev/pspdev/bin/../lib/gcc/psp/11.2.0/../../../../psp/sys-include"]
  ignore line: [ignoring duplicate directory "/usr/local/pspdev/pspdev/bin/../lib/gcc/../../lib/gcc/psp/11.2.0/include"]
  ignore line: [ignoring duplicate directory "/usr/local/pspdev/pspdev/bin/../lib/gcc/../../lib/gcc/psp/11.2.0/include-fixed"]
  ignore line: [ignoring nonexistent directory "/usr/local/pspdev/pspdev/bin/../lib/gcc/../../lib/gcc/psp/11.2.0/../../../../psp/sys-include"]
  ignore line: [ignoring duplicate directory "/usr/local/pspdev/pspdev/bin/../lib/gcc/../../lib/gcc/psp/11.2.0/../../../../psp/include"]
  ignore line: [ignoring duplicate directory "/usr/local/pspdev/pspdev/psp/include"]
  ignore line: [  as it is a non-system directory that duplicates a system directory]
  ignore line: [#include "..." search starts here:]
  ignore line: [#include <...> search starts here:]
  ignore line: [ /usr/local/pspdev/pspdev/psp/sdk/include]
  ignore line: [ /usr/local/pspdev/pspdev/bin/../lib/gcc/psp/11.2.0/include]
  ignore line: [ /usr/local/pspdev/pspdev/bin/../lib/gcc/psp/11.2.0/include-fixed]
  ignore line: [ /usr/local/pspdev/pspdev/bin/../lib/gcc/psp/11.2.0/../../../../psp/include]
  ignore line: [End of search list.]
  ignore line: [GNU C17 (GCC) version 11.2.0 (psp)]
  ignore line: [	compiled by GNU C version 9.4.0  GMP version 6.2.0  MPFR version 4.0.2  MPC version 1.1.0  isl version none]
  ignore line: [GGC heuristics: --param ggc-min-expand=100 --param ggc-min-heapsize=131072]
  ignore line: [Compiler executable checksum: 154afed43caae206d6aca2cf9e425fb0]
  ignore line: [COLLECT_GCC_OPTIONS='-D' 'PSP' '-D' '__PSP__' '-I' '/usr/local/pspdev/pspdev/psp/include' '-I' '/usr/local/pspdev/pspdev/psp/sdk/include' '-D' 'PSP' '-O2' '-G' '0' '-v' '-o' 'CMakeFiles/cmTC_ca9a7.dir/CMakeCCompilerABI.c.obj' '-c' '-mhard-float' '-msingle-float' '-dumpdir' 'CMakeFiles/cmTC_ca9a7.dir/']
  ignore line: [ /usr/local/pspdev/pspdev/bin/../lib/gcc/psp/11.2.0/../../../../psp/bin/as -G 0 -EL -O2 -mabi=eabi -mhard-float -msingle-float -o CMakeFiles/cmTC_ca9a7.dir/CMakeCCompilerABI.c.obj /tmp/ccVvg5RG.s]
  ignore line: [COMPILER_PATH=/usr/local/pspdev/pspdev/bin/../libexec/gcc/psp/11.2.0/:/usr/local/pspdev/pspdev/bin/../libexec/gcc/:/usr/local/pspdev/pspdev/bin/../lib/gcc/psp/11.2.0/../../../../psp/bin/]
  ignore line: [LIBRARY_PATH=/usr/local/pspdev/pspdev/bin/../lib/gcc/psp/11.2.0/:/usr/local/pspdev/pspdev/bin/../lib/gcc/:/usr/local/pspdev/pspdev/bin/../lib/gcc/psp/11.2.0/../../../../psp/lib/]
  ignore line: [COLLECT_GCC_OPTIONS='-D' 'PSP' '-D' '__PSP__' '-I' '/usr/local/pspdev/pspdev/psp/include' '-I' '/usr/local/pspdev/pspdev/psp/sdk/include' '-D' 'PSP' '-O2' '-G' '0' '-v' '-o' 'CMakeFiles/cmTC_ca9a7.dir/CMakeCCompilerABI.c.obj' '-c' '-mhard-float' '-msingle-float' '-dumpdir' 'CMakeFiles/cmTC_ca9a7.dir/CMakeCCompilerABI.c.']
  ignore line: [Linking C executable cmTC_ca9a7]
  ignore line: [/usr/bin/cmake -E cmake_link_script CMakeFiles/cmTC_ca9a7.dir/link.txt --verbose=1]
  ignore line: [/usr/local/pspdev/pspdev/bin/psp-gcc -I/usr/local/pspdev/pspdev/psp/include -I/usr/local/pspdev/pspdev/psp/sdk/include -DPSP -O2 -G0   -L/usr/local/pspdev/pspdev/lib -L/usr/local/pspdev/pspdev/psp/lib -L/usr/local/pspdev/pspdev/psp/sdk/lib -Wl -zmax-page-size=128 -v CMakeFiles/cmTC_ca9a7.dir/CMakeCCompilerABI.c.obj  -o cmTC_ca9a7   -L/usr/local/pspdev/pspdev/lib  -L/usr/local/pspdev/pspdev/psp/lib  -L/usr/local/pspdev/pspdev/psp/sdk/lib ]
  ignore line: [Using built-in specs.]
  ignore line: [COLLECT_GCC=/usr/local/pspdev/pspdev/bin/psp-gcc]
  ignore line: [COLLECT_LTO_WRAPPER=/usr/local/pspdev/pspdev/bin/../libexec/gcc/psp/11.2.0/lto-wrapper]
  ignore line: [Target: psp]
  ignore line: [Configured with: ../configure --quiet --prefix=/home/runner/work/pspdev/pspdev/pspdev --target=psp --enable-languages=c c++ --with-float=hard --with-newlib --disable-libssp --disable-multilib --enable-cxx-flags=-G0 --enable-threads=posix --silent]
  ignore line: [Thread model: posix]
  ignore line: [Supported LTO compression algorithms: zlib]
  ignore line: [gcc version 11.2.0 (GCC) ]
  ignore line: [COMPILER_PATH=/usr/local/pspdev/pspdev/bin/../libexec/gcc/psp/11.2.0/:/usr/local/pspdev/pspdev/bin/../libexec/gcc/:/usr/local/pspdev/pspdev/bin/../lib/gcc/psp/11.2.0/../../../../psp/bin/]
  ignore line: [LIBRARY_PATH=/usr/local/pspdev/pspdev/bin/../lib/gcc/psp/11.2.0/:/usr/local/pspdev/pspdev/bin/../lib/gcc/:/usr/local/pspdev/pspdev/bin/../lib/gcc/psp/11.2.0/../../../../psp/lib/]
  ignore line: [COLLECT_GCC_OPTIONS='-I' '/usr/local/pspdev/pspdev/psp/include' '-I' '/usr/local/pspdev/pspdev/psp/sdk/include' '-D' 'PSP' '-O2' '-G' '0' '-L/usr/local/pspdev/pspdev/lib' '-L/usr/local/pspdev/pspdev/psp/lib' '-L/usr/local/pspdev/pspdev/psp/sdk/lib' '-v' '-o' 'cmTC_ca9a7' '-L/usr/local/pspdev/pspdev/lib' '-L/usr/local/pspdev/pspdev/psp/lib' '-L/usr/local/pspdev/pspdev/psp/sdk/lib' '-mhard-float' '-msingle-float' '-dumpdir' 'cmTC_ca9a7.']
  link line: [ /usr/local/pspdev/pspdev/bin/../libexec/gcc/psp/11.2.0/collect2 -plugin /usr/local/pspdev/pspdev/bin/../libexec/gcc/psp/11.2.0/liblto_plugin.so -plugin-opt=/usr/local/pspdev/pspdev/bin/../libexec/gcc/psp/11.2.0/lto-wrapper -plugin-opt=-fresolution=/tmp/cc7QepS7.res -plugin-opt=-pass-through=-lgcc -plugin-opt=-pass-through=-lm -plugin-opt=-pass-through=-lpthreadglue -plugin-opt=-pass-through=-lpthread -plugin-opt=-pass-through=-lcglue -plugin-opt=-pass-through=-lc -plugin-opt=-pass-through=-lpsputility -plugin-opt=-pass-through=-lpsprtc -plugin-opt=-pass-through=-lpspnet_inet -plugin-opt=-pass-through=-lpspnet_resolver -plugin-opt=-pass-through=-lpspsdk -plugin-opt=-pass-through=-lpspmodinfo -plugin-opt=-pass-through=-lpspuser -plugin-opt=-pass-through=-lpspkernel -plugin-opt=-pass-through=-lgcc -EL -G 0 -o cmTC_ca9a7 /usr/local/pspdev/pspdev/bin/../lib/gcc/psp/11.2.0/../../../../psp/lib/crt0.o /usr/local/pspdev/pspdev/bin/../lib/gcc/psp/11.2.0/crti.o /usr/local/pspdev/pspdev/bin/../lib/gcc/psp/11.2.0/crtbegin.o -L/usr/local/pspdev/pspdev/lib -L/usr/local/pspdev/pspdev/psp/lib -L/usr/local/pspdev/pspdev/psp/sdk/lib -L/usr/local/pspdev/pspdev/lib -L/usr/local/pspdev/pspdev/psp/lib -L/usr/local/pspdev/pspdev/psp/sdk/lib -L/usr/local/pspdev/pspdev/bin/../lib/gcc/psp/11.2.0 -L/usr/local/pspdev/pspdev/bin/../lib/gcc -L/usr/local/pspdev/pspdev/bin/../lib/gcc/psp/11.2.0/../../../../psp/lib -zmax-page-size=128 CMakeFiles/cmTC_ca9a7.dir/CMakeCCompilerABI.c.obj -lgcc -lm --start-group -lpthreadglue -lpthread -lcglue -lc --end-group -lpsputility -lpsprtc -lpspnet_inet -lpspnet_resolver -lpspsdk -lpspmodinfo -lpspuser -lpspkernel -lgcc /usr/local/pspdev/pspdev/bin/../lib/gcc/psp/11.2.0/crtend.o /usr/local/pspdev/pspdev/bin/../lib/gcc/psp/11.2.0/crtn.o]
    arg [/usr/local/pspdev/pspdev/bin/../libexec/gcc/psp/11.2.0/collect2] ==> ignore
    arg [-plugin] ==> ignore
    arg [/usr/local/pspdev/pspdev/bin/../libexec/gcc/psp/11.2.0/liblto_plugin.so] ==> ignore
    arg [-plugin-opt=/usr/local/pspdev/pspdev/bin/../libexec/gcc/psp/11.2.0/lto-wrapper] ==> ignore
    arg [-plugin-opt=-fresolution=/tmp/cc7QepS7.res] ==> ignore
    arg [-plugin-opt=-pass-through=-lgcc] ==> ignore
    arg [-plugin-opt=-pass-through=-lm] ==> ignore
    arg [-plugin-opt=-pass-through=-lpthreadglue] ==> ignore
    arg [-plugin-opt=-pass-through=-lpthread] ==> ignore
    arg [-plugin-opt=-pass-through=-lcglue] ==> ignore
    arg [-plugin-opt=-pass-through=-lc] ==> ignore
    arg [-plugin-opt=-pass-through=-lpsputility] ==> ignore
    arg [-plugin-opt=-pass-through=-lpsprtc] ==> ignore
    arg [-plugin-opt=-pass-through=-lpspnet_inet] ==> ignore
    arg [-plugin-opt=-pass-through=-lpspnet_resolver] ==> ignore
    arg [-plugin-opt=-pass-through=-lpspsdk] ==> ignore
    arg [-plugin-opt=-pass-through=-lpspmodinfo] ==> ignore
    arg [-plugin-opt=-pass-through=-lpspuser] ==> ignore
    arg [-plugin-opt=-pass-through=-lpspkernel] ==> ignore
    arg [-plugin-opt=-pass-through=-lgcc] ==> ignore
    arg [-EL] ==> ignore
    arg [-G] ==> ignore
    arg [0] ==> ignore
    arg [-o] ==> ignore
    arg [cmTC_ca9a7] ==> ignore
    arg [/usr/local/pspdev/pspdev/bin/../lib/gcc/psp/11.2.0/../../../../psp/lib/crt0.o] ==> ignore
    arg [/usr/local/pspdev/pspdev/bin/../lib/gcc/psp/11.2.0/crti.o] ==> ignore
    arg [/usr/local/pspdev/pspdev/bin/../lib/gcc/psp/11.2.0/crtbegin.o] ==> ignore
    arg [-L/usr/local/pspdev/pspdev/lib] ==> dir [/usr/local/pspdev/pspdev/lib]
    arg [-L/usr/local/pspdev/pspdev/psp/lib] ==> dir [/usr/local/pspdev/pspdev/psp/lib]
    arg [-L/usr/local/pspdev/pspdev/psp/sdk/lib] ==> dir [/usr/local/pspdev/pspdev/psp/sdk/lib]
    arg [-L/usr/local/pspdev/pspdev/lib] ==> dir [/usr/local/pspdev/pspdev/lib]
    arg [-L/usr/local/pspdev/pspdev/psp/lib] ==> dir [/usr/local/pspdev/pspdev/psp/lib]
    arg [-L/usr/local/pspdev/pspdev/psp/sdk/lib] ==> dir [/usr/local/pspdev/pspdev/psp/sdk/lib]
    arg [-L/usr/local/pspdev/pspdev/bin/../lib/gcc/psp/11.2.0] ==> dir [/usr/local/pspdev/pspdev/bin/../lib/gcc/psp/11.2.0]
    arg [-L/usr/local/pspdev/pspdev/bin/../lib/gcc] ==> dir [/usr/local/pspdev/pspdev/bin/../lib/gcc]
    arg [-L/usr/local/pspdev/pspdev/bin/../lib/gcc/psp/11.2.0/../../../../psp/lib] ==> dir [/usr/local/pspdev/pspdev/bin/../lib/gcc/psp/11.2.0/../../../../psp/lib]
    arg [-zmax-page-size=128] ==> ignore
    arg [CMakeFiles/cmTC_ca9a7.dir/CMakeCCompilerABI.c.obj] ==> ignore
    arg [-lgcc] ==> lib [gcc]
    arg [-lm] ==> lib [m]
    arg [--start-group] ==> ignore
    arg [-lpthreadglue] ==> lib [pthreadglue]
    arg [-lpthread] ==> lib [pthread]
    arg [-lcglue] ==> lib [cglue]
    arg [-lc] ==> lib [c]
    arg [--end-group] ==> ignore
    arg [-lpsputility] ==> lib [psputility]
    arg [-lpsprtc] ==> lib [psprtc]
    arg [-lpspnet_inet] ==> lib [pspnet_inet]
    arg [-lpspnet_resolver] ==> lib [pspnet_resolver]
    arg [-lpspsdk] ==> lib [pspsdk]
    arg [-lpspmodinfo] ==> lib [pspmodinfo]
    arg [-lpspuser] ==> lib [pspuser]
    arg [-lpspkernel] ==> lib [pspkernel]
    arg [-lgcc] ==> lib [gcc]
    arg [/usr/local/pspdev/pspdev/bin/../lib/gcc/psp/11.2.0/crtend.o] ==> ignore
    arg [/usr/local/pspdev/pspdev/bin/../lib/gcc/psp/11.2.0/crtn.o] ==> ignore
  collapse library dir [/usr/local/pspdev/pspdev/lib] ==> [/usr/local/pspdev/pspdev/lib]
  collapse library dir [/usr/local/pspdev/pspdev/psp/lib] ==> [/usr/local/pspdev/pspdev/psp/lib]
  collapse library dir [/usr/local/pspdev/pspdev/psp/sdk/lib] ==> [/usr/local/pspdev/pspdev/psp/sdk/lib]
  collapse library dir [/usr/local/pspdev/pspdev/lib] ==> [/usr/local/pspdev/pspdev/lib]
  collapse library dir [/usr/local/pspdev/pspdev/psp/lib] ==> [/usr/local/pspdev/pspdev/psp/lib]
  collapse library dir [/usr/local/pspdev/pspdev/psp/sdk/lib] ==> [/usr/local/pspdev/pspdev/psp/sdk/lib]
  collapse library dir [/usr/local/pspdev/pspdev/bin/../lib/gcc/psp/11.2.0] ==> [/usr/local/pspdev/pspdev/lib/gcc/psp/11.2.0]
  collapse library dir [/usr/local/pspdev/pspdev/bin/../lib/gcc] ==> [/usr/local/pspdev/pspdev/lib/gcc]
  collapse library dir [/usr/local/pspdev/pspdev/bin/../lib/gcc/psp/11.2.0/../../../../psp/lib] ==> [/usr/local/pspdev/pspdev/psp/lib]
  implicit libs: [gcc;m;pthreadglue;pthread;cglue;c;psputility;psprtc;pspnet_inet;pspnet_resolver;pspsdk;pspmodinfo;pspuser;pspkernel;gcc]
  implicit dirs: [/usr/local/pspdev/pspdev/lib;/usr/local/pspdev/pspdev/psp/lib;/usr/local/pspdev/pspdev/psp/sdk/lib;/usr/local/pspdev/pspdev/lib/gcc/psp/11.2.0;/usr/local/pspdev/pspdev/lib/gcc]
  implicit fwks: []


Determining if the CXX compiler works passed with the following output:
Change Dir: /mnt/c/Users/spinn/Documents/GitHub/Crystalline/src/build/CMakeFiles/CMakeTmp

Run Build Command(s):/usr/bin/make cmTC_4447c/fast && /usr/bin/make -f CMakeFiles/cmTC_4447c.dir/build.make CMakeFiles/cmTC_4447c.dir/build
make[1]: Entering directory '/mnt/c/Users/spinn/Documents/GitHub/Crystalline/src/build/CMakeFiles/CMakeTmp'
Building CXX object CMakeFiles/cmTC_4447c.dir/testCXXCompiler.cxx.obj
/usr/local/pspdev/pspdev/bin/psp-g++  -DPSP -D__PSP__ -I/usr/local/pspdev/pspdev/psp/include -I/usr/local/pspdev/pspdev/psp/sdk/include  -I/usr/local/pspdev/pspdev/psp/include -I/usr/local/pspdev/pspdev/psp/sdk/include -DPSP -O2 -G0    -o CMakeFiles/cmTC_4447c.dir/testCXXCompiler.cxx.obj -c /mnt/c/Users/spinn/Documents/GitHub/Crystalline/src/build/CMakeFiles/CMakeTmp/testCXXCompiler.cxx
Linking CXX executable cmTC_4447c
/usr/bin/cmake -E cmake_link_script CMakeFiles/cmTC_4447c.dir/link.txt --verbose=1
/usr/local/pspdev/pspdev/bin/psp-g++  -I/usr/local/pspdev/pspdev/psp/include -I/usr/local/pspdev/pspdev/psp/sdk/include -DPSP -O2 -G0   -L/usr/local/pspdev/pspdev/lib -L/usr/local/pspdev/pspdev/psp/lib -L/usr/local/pspdev/pspdev/psp/sdk/lib -Wl,-zmax-page-size=128  CMakeFiles/cmTC_4447c.dir/testCXXCompiler.cxx.obj  -o cmTC_4447c   -L/usr/local/pspdev/pspdev/lib  -L/usr/local/pspdev/pspdev/psp/lib  -L/usr/local/pspdev/pspdev/psp/sdk/lib 
make[1]: Leaving directory '/mnt/c/Users/spinn/Documents/GitHub/Crystalline/src/build/CMakeFiles/CMakeTmp'



Detecting CXX compiler ABI info compiled with the following output:
Change Dir: /mnt/c/Users/spinn/Documents/GitHub/Crystalline/src/build/CMakeFiles/CMakeTmp

Run Build Command(s):/usr/bin/make cmTC_8023a/fast && /usr/bin/make -f CMakeFiles/cmTC_8023a.dir/build.make CMakeFiles/cmTC_8023a.dir/build
make[1]: Entering directory '/mnt/c/Users/spinn/Documents/GitHub/Crystalline/src/build/CMakeFiles/CMakeTmp'
Building CXX object CMakeFiles/cmTC_8023a.dir/CMakeCXXCompilerABI.cpp.obj
/usr/local/pspdev/pspdev/bin/psp-g++  -DPSP -D__PSP__  -I/usr/local/pspdev/pspdev/psp/include -I/usr/local/pspdev/pspdev/psp/sdk/include -DPSP -O2 -G0    -v -o CMakeFiles/cmTC_8023a.dir/CMakeCXXCompilerABI.cpp.obj -c /usr/share/cmake-3.16/Modules/CMakeCXXCompilerABI.cpp
Using built-in specs.
COLLECT_GCC=/usr/local/pspdev/pspdev/bin/psp-g++
Target: psp
Configured with: ../configure --quiet --prefix=/home/runner/work/pspdev/pspdev/pspdev --target=psp --enable-languages=c,c++ --with-float=hard --with-newlib --disable-libssp --disable-multilib --enable-cxx-flags=-G0 --enable-threads=posix --silent
Thread model: posix
Supported LTO compression algorithms: zlib
gcc version 11.2.0 (GCC) 
COLLECT_GCC_OPTIONS='-D' 'PSP' '-D' '__PSP__' '-I' '/usr/local/pspdev/pspdev/psp/include' '-I' '/usr/local/pspdev/pspdev/psp/sdk/include' '-D' 'PSP' '-O2' '-G' '0' '-v' '-o' 'CMakeFiles/cmTC_8023a.dir/CMakeCXXCompilerABI.cpp.obj' '-c' '-mhard-float' '-msingle-float' '-dumpdir' 'CMakeFiles/cmTC_8023a.dir/'
 /usr/local/pspdev/pspdev/bin/../libexec/gcc/psp/11.2.0/cc1plus -quiet -v -I /usr/local/pspdev/pspdev/psp/include -I /usr/local/pspdev/pspdev/psp/sdk/include -iprefix /usr/local/pspdev/pspdev/bin/../lib/gcc/psp/11.2.0/ -DPSP=1 -D__PSP__=1 -D_PSP=1 -D__psp__=1 -D PSP -D __PSP__ -D PSP /usr/share/cmake-3.16/Modules/CMakeCXXCompilerABI.cpp -G 0 -quiet -dumpdir CMakeFiles/cmTC_8023a.dir/ -dumpbase CMakeCXXCompilerABI.cpp.cpp -dumpbase-ext .cpp -mhard-float -msingle-float -O2 -version -o /tmp/ccSWJ9fz.s
GNU C++17 (GCC) version 11.2.0 (psp)
	compiled by GNU C version 9.4.0, GMP version 6.2.0, MPFR version 4.0.2, MPC version 1.1.0, isl version none
GGC heuristics: --param ggc-min-expand=100 --param ggc-min-heapsize=131072
ignoring nonexistent directory "/usr/local/pspdev/pspdev/bin/../lib/gcc/psp/11.2.0/../../../../psp/sys-include"
ignoring duplicate directory "/usr/local/pspdev/pspdev/bin/../lib/gcc/../../lib/gcc/psp/11.2.0/../../../../psp/include/c++/11.2.0"
ignoring duplicate directory "/usr/local/pspdev/pspdev/bin/../lib/gcc/../../lib/gcc/psp/11.2.0/../../../../psp/include/c++/11.2.0/psp"
ignoring duplicate directory "/usr/local/pspdev/pspdev/bin/../lib/gcc/../../lib/gcc/psp/11.2.0/../../../../psp/include/c++/11.2.0/backward"
ignoring duplicate directory "/usr/local/pspdev/pspdev/bin/../lib/gcc/../../lib/gcc/psp/11.2.0/include"
ignoring duplicate directory "/usr/local/pspdev/pspdev/bin/../lib/gcc/../../lib/gcc/psp/11.2.0/include-fixed"
ignoring nonexistent directory "/usr/local/pspdev/pspdev/bin/../lib/gcc/../../lib/gcc/psp/11.2.0/../../../../psp/sys-include"
ignoring duplicate directory "/usr/local/pspdev/pspdev/bin/../lib/gcc/../../lib/gcc/psp/11.2.0/../../../../psp/include"
ignoring duplicate directory "/usr/local/pspdev/pspdev/psp/include"
  as it is a non-system directory that duplicates a system directory
#include "..." search starts here:
#include <...> search starts here:
 /usr/local/pspdev/pspdev/psp/sdk/include
 /usr/local/pspdev/pspdev/bin/../lib/gcc/psp/11.2.0/../../../../psp/include/c++/11.2.0
 /usr/local/pspdev/pspdev/bin/../lib/gcc/psp/11.2.0/../../../../psp/include/c++/11.2.0/psp
 /usr/local/pspdev/pspdev/bin/../lib/gcc/psp/11.2.0/../../../../psp/include/c++/11.2.0/backward
 /usr/local/pspdev/pspdev/bin/../lib/gcc/psp/11.2.0/include
 /usr/local/pspdev/pspdev/bin/../lib/gcc/psp/11.2.0/include-fixed
 /usr/local/pspdev/pspdev/bin/../lib/gcc/psp/11.2.0/../../../../psp/include
End of search list.
GNU C++17 (GCC) version 11.2.0 (psp)
	compiled by GNU C version 9.4.0, GMP version 6.2.0, MPFR version 4.0.2, MPC version 1.1.0, isl version none
GGC heuristics: --param ggc-min-expand=100 --param ggc-min-heapsize=131072
Compiler executable checksum: 61a566b22e0033b82854ec75cd749995
COLLECT_GCC_OPTIONS='-D' 'PSP' '-D' '__PSP__' '-I' '/usr/local/pspdev/pspdev/psp/include' '-I' '/usr/local/pspdev/pspdev/psp/sdk/include' '-D' 'PSP' '-O2' '-G' '0' '-v' '-o' 'CMakeFiles/cmTC_8023a.dir/CMakeCXXCompilerABI.cpp.obj' '-c' '-mhard-float' '-msingle-float' '-dumpdir' 'CMakeFiles/cmTC_8023a.dir/'
 /usr/local/pspdev/pspdev/bin/../lib/gcc/psp/11.2.0/../../../../psp/bin/as -G 0 -EL -O2 -mabi=eabi -mhard-float -msingle-float -o CMakeFiles/cmTC_8023a.dir/CMakeCXXCompilerABI.cpp.obj /tmp/ccSWJ9fz.s
COMPILER_PATH=/usr/local/pspdev/pspdev/bin/../libexec/gcc/psp/11.2.0/:/usr/local/pspdev/pspdev/bin/../libexec/gcc/:/usr/local/pspdev/pspdev/bin/../lib/gcc/psp/11.2.0/../../../../psp/bin/
LIBRARY_PATH=/usr/local/pspdev/pspdev/bin/../lib/gcc/psp/11.2.0/:/usr/local/pspdev/pspdev/bin/../lib/gcc/:/usr/local/pspdev/pspdev/bin/../lib/gcc/psp/11.2.0/../../../../psp/lib/
COLLECT_GCC_OPTIONS='-D' 'PSP' '-D' '__PSP__' '-I' '/usr/local/pspdev/pspdev/psp/include' '-I' '/usr/local/pspdev/pspdev/psp/sdk/include' '-D' 'PSP' '-O2' '-G' '0' '-v' '-o' 'CMakeFiles/cmTC_8023a.dir/CMakeCXXCompilerABI.cpp.obj' '-c' '-mhard-float' '-msingle-float' '-dumpdir' 'CMakeFiles/cmTC_8023a.dir/CMakeCXXCompilerABI.cpp.'
Linking CXX executable cmTC_8023a
/usr/bin/cmake -E cmake_link_script CMakeFiles/cmTC_8023a.dir/link.txt --verbose=1
/usr/local/pspdev/pspdev/bin/psp-g++  -I/usr/local/pspdev/pspdev/psp/include -I/usr/local/pspdev/pspdev/psp/sdk/include -DPSP -O2 -G0   -L/usr/local/pspdev/pspdev/lib -L/usr/local/pspdev/pspdev/psp/lib -L/usr/local/pspdev/pspdev/psp/sdk/lib -Wl,-zmax-page-size=128 -v CMakeFiles/cmTC_8023a.dir/CMakeCXXCompilerABI.cpp.obj  -o cmTC_8023a   -L/usr/local/pspdev/pspdev/lib  -L/usr/local/pspdev/pspdev/psp/lib  -L/usr/local/pspdev/pspdev/psp/sdk/lib 
Using built-in specs.
COLLECT_GCC=/usr/local/pspdev/pspdev/bin/psp-g++
COLLECT_LTO_WRAPPER=/usr/local/pspdev/pspdev/bin/../libexec/gcc/psp/11.2.0/lto-wrapper
Target: psp
Configured with: ../configure --quiet --prefix=/home/runner/work/pspdev/pspdev/pspdev --target=psp --enable-languages=c,c++ --with-float=hard --with-newlib --disable-libssp --disable-multilib --enable-cxx-flags=-G0 --enable-threads=posix --silent
Thread model: posix
Supported LTO compression algorithms: zlib
gcc version 11.2.0 (GCC) 
COMPILER_PATH=/usr/local/pspdev/pspdev/bin/../libexec/gcc/psp/11.2.0/:/usr/local/pspdev/pspdev/bin/../libexec/gcc/:/usr/local/pspdev/pspdev/bin/../lib/gcc/psp/11.2.0/../../../../psp/bin/
LIBRARY_PATH=/usr/local/pspdev/pspdev/bin/../lib/gcc/psp/11.2.0/:/usr/local/pspdev/pspdev/bin/../lib/gcc/:/usr/local/pspdev/pspdev/bin/../lib/gcc/psp/11.2.0/../../../../psp/lib/
COLLECT_GCC_OPTIONS='-I' '/usr/local/pspdev/pspdev/psp/include' '-I' '/usr/local/pspdev/pspdev/psp/sdk/include' '-D' 'PSP' '-O2' '-G' '0' '-L/usr/local/pspdev/pspdev/lib' '-L/usr/local/pspdev/pspdev/psp/lib' '-L/usr/local/pspdev/pspdev/psp/sdk/lib' '-v' '-o' 'cmTC_8023a' '-L/usr/local/pspdev/pspdev/lib' '-L/usr/local/pspdev/pspdev/psp/lib' '-L/usr/local/pspdev/pspdev/psp/sdk/lib' '-mhard-float' '-msingle-float' '-dumpdir' 'cmTC_8023a.'
 /usr/local/pspdev/pspdev/bin/../libexec/gcc/psp/11.2.0/collect2 -plugin /usr/local/pspdev/pspdev/bin/../libexec/gcc/psp/11.2.0/liblto_plugin.so -plugin-opt=/usr/local/pspdev/pspdev/bin/../libexec/gcc/psp/11.2.0/lto-wrapper -plugin-opt=-fresolution=/tmp/ccAuoLx2.res -plugin-opt=-pass-through=-lgcc -plugin-opt=-pass-through=-lm -plugin-opt=-pass-through=-lpthreadglue -plugin-opt=-pass-through=-lpthread -plugin-opt=-pass-through=-lcglue -plugin-opt=-pass-through=-lc -plugin-opt=-pass-through=-lpsputility -plugin-opt=-pass-through=-lpsprtc -plugin-opt=-pass-through=-lpspnet_inet -plugin-opt=-pass-through=-lpspnet_resolver -plugin-opt=-pass-through=-lpspsdk -plugin-opt=-pass-through=-lpspmodinfo -plugin-opt=-pass-through=-lpspuser -plugin-opt=-pass-through=-lpspkernel -plugin-opt=-pass-through=-lgcc -EL -G 0 -o cmTC_8023a /usr/local/pspdev/pspdev/bin/../lib/gcc/psp/11.2.0/../../../../psp/lib/crt0.o /usr/local/pspdev/pspdev/bin/../lib/gcc/psp/11.2.0/crti.o /usr/local/pspdev/pspdev/bin/../lib/gcc/psp/11.2.0/crtbegin.o -L/usr/local/pspdev/pspdev/lib -L/usr/local/pspdev/pspdev/psp/lib -L/usr/local/pspdev/pspdev/psp/sdk/lib -L/usr/local/pspdev/pspdev/lib -L/usr/local/pspdev/pspdev/psp/lib -L/usr/local/pspdev/pspdev/psp/sdk/lib -L/usr/local/pspdev/pspdev/bin/../lib/gcc/psp/11.2.0 -L/usr/local/pspdev/pspdev/bin/../lib/gcc -L/usr/local/pspdev/pspdev/bin/../lib/gcc/psp/11.2.0/../../../../psp/lib -zmax-page-size=128 CMakeFiles/cmTC_8023a.dir/CMakeCXXCompilerABI.cpp.obj -lstdc++ -lm -lgcc -lm --start-group -lpthreadglue -lpthread -lcglue -lc --end-group -lpsputility -lpsprtc -lpspnet_inet -lpspnet_resolver -lpspsdk -lpspmodinfo -lpspuser -lpspkernel -lgcc /usr/local/pspdev/pspdev/bin/../lib/gcc/psp/11.2.0/crtend.o /usr/local/pspdev/pspdev/bin/../lib/gcc/psp/11.2.0/crtn.o
/usr/local/pspdev/pspdev/bin/../libexec/gcc/psp/11.2.0/lto-wrapper -fresolution=/tmp/ccAuoLx2.res -flinker-output=exec /usr/local/pspdev/pspdev/psp/lib/libpthread.a@0x5e3ca /usr/local/pspdev/pspdev/psp/lib/libpthread.a@0x6039e /usr/local/pspdev/pspdev/psp/lib/libpthread.a@0x62592 /usr/local/pspdev/pspdev/psp/lib/libpthread.a@0x63faa /usr/local/pspdev/pspdev/psp/lib/libpthread.a@0x1aae /usr/local/pspdev/pspdev/psp/lib/libpthread.a@0x4f92 /usr/local/pspdev/pspdev/psp/lib/libpthread.a@0x6f3a /usr/local/pspdev/pspdev/psp/lib/libpthread.a@0xb382 /usr/local/pspdev/pspdev/psp/lib/libpthread.a@0x19a8a /usr/local/pspdev/pspdev/psp/lib/libpthread.a@0x1b8be /usr/local/pspdev/pspdev/psp/lib/libpthread.a@0x262c2 /usr/local/pspdev/pspdev/psp/lib/libpthread.a@0x52be6 /usr/local/pspdev/pspdev/psp/lib/libpthread.a@0x56fc6 /usr/local/pspdev/pspdev/psp/lib/libpthread.a@0x5a8fa /usr/local/pspdev/pspdev/psp/lib/libpthread.a@0x5c31a /usr/local/pspdev/pspdev/psp/lib/libpthread.a@0x661fe /usr/local/pspdev/pspdev/psp/lib/libpthread.a@0x676b2 /usr/local/pspdev/pspdev/psp/lib/libpthread.a@0x69b46 /usr/local/pspdev/pspdev/psp/lib/libpthread.a@0x35c2 
/usr/local/pspdev/pspdev/bin/../libexec/gcc/psp/11.2.0/lto-wrapper -fresolution=/tmp/ccAuoLx2.res -flinker-output=exec /usr/local/pspdev/pspdev/psp/lib/libpthread.a@0x5e3ca /usr/local/pspdev/pspdev/psp/lib/libpthread.a@0x6039e /usr/local/pspdev/pspdev/psp/lib/libpthread.a@0x62592 /usr/local/pspdev/pspdev/psp/lib/libpthread.a@0x63faa /usr/local/pspdev/pspdev/psp/lib/libpthread.a@0x1aae /usr/local/pspdev/pspdev/psp/lib/libpthread.a@0x4f92 /usr/local/pspdev/pspdev/psp/lib/libpthread.a@0x6f3a /usr/local/pspdev/pspdev/psp/lib/libpthread.a@0xb382 /usr/local/pspdev/pspdev/psp/lib/libpthread.a@0x19a8a /usr/local/pspdev/pspdev/psp/lib/libpthread.a@0x1b8be /usr/local/pspdev/pspdev/psp/lib/libpthread.a@0x262c2 /usr/local/pspdev/pspdev/psp/lib/libpthread.a@0x52be6 /usr/local/pspdev/pspdev/psp/lib/libpthread.a@0x56fc6 /usr/local/pspdev/pspdev/psp/lib/libpthread.a@0x5a8fa /usr/local/pspdev/pspdev/psp/lib/libpthread.a@0x5c31a /usr/local/pspdev/pspdev/psp/lib/libpthread.a@0x661fe /usr/local/pspdev/pspdev/psp/lib/libpthread.a@0x676b2 /usr/local/pspdev/pspdev/psp/lib/libpthread.a@0x69b46 /usr/local/pspdev/pspdev/psp/lib/libpthread.a@0x35c2 
/usr/local/pspdev/pspdev/bin/psp-g++ @/tmp/cct9ZIHd
Using built-in specs.
COLLECT_GCC=/usr/local/pspdev/pspdev/bin/psp-g++
Target: psp
Configured with: ../configure --quiet --prefix=/home/runner/work/pspdev/pspdev/pspdev --target=psp --enable-languages=c,c++ --with-float=hard --with-newlib --disable-libssp --disable-multilib --enable-cxx-flags=-G0 --enable-threads=posix --silent
Thread model: posix
Supported LTO compression algorithms: zlib
gcc version 11.2.0 (GCC) 
COLLECT_GCC_OPTIONS='-c' '-fno-openmp' '-fno-openacc' '-fno-pie' '-fcf-protection=none' '-G' '0' '-mhard-float' '-msingle-float' '-O3' '-O2' '-G' '0' '-L/usr/local/pspdev/pspdev/lib' '-L/usr/local/pspdev/pspdev/psp/lib' '-L/usr/local/pspdev/pspdev/psp/sdk/lib' '-v' '-L/usr/local/pspdev/pspdev/lib' '-L/usr/local/pspdev/pspdev/psp/lib' '-L/usr/local/pspdev/pspdev/psp/sdk/lib' '-mhard-float' '-msingle-float'   '-fltrans-output-list=/tmp/cccR5sMg.ltrans.out' '-fwpa' '-fresolution=/tmp/ccAuoLx2.res' '-flinker-output=exec'
 /usr/local/pspdev/pspdev/bin/../lib/gcc/../../libexec/gcc/psp/11.2.0/lto1 -G 0 -G 0 -quiet -dumpbase ./cmTC_8023a.wpa -mhard-float -msingle-float -mhard-float -msingle-float -O3 -O2 -version -fno-openmp -fno-openacc -fno-pie -fcf-protection=none -fltrans-output-list=/tmp/cccR5sMg.ltrans.out -fwpa -fresolution=/tmp/ccAuoLx2.res -flinker-output=exec @/tmp/ccBnSxAk
GNU GIMPLE (GCC) version 11.2.0 (psp)
	compiled by GNU C version 9.4.0, GMP version 6.2.0, MPFR version 4.0.2, MPC version 1.1.0, isl version none
GGC heuristics: --param ggc-min-expand=100 --param ggc-min-heapsize=131072
GNU GIMPLE (GCC) version 11.2.0 (psp)
	compiled by GNU C version 9.4.0, GMP version 6.2.0, MPFR version 4.0.2, MPC version 1.1.0, isl version none
GGC heuristics: --param ggc-min-expand=100 --param ggc-min-heapsize=131072
COMPILER_PATH=/usr/local/pspdev/pspdev/bin/../lib/gcc/../../libexec/gcc/psp/11.2.0/:/usr/local/pspdev/pspdev/bin/../lib/gcc/../../libexec/gcc/:/usr/local/pspdev/pspdev/bin/../libexec/gcc/psp/11.2.0/:/usr/local/pspdev/pspdev/bin/../libexec/gcc/psp/11.2.0/:/usr/local/pspdev/pspdev/bin/../libexec/gcc/:/usr/local/pspdev/pspdev/bin/../lib/gcc/psp/11.2.0/../../../../psp/bin/:/usr/local/pspdev/pspdev/bin/../lib/gcc/psp/11.2.0/../../../../psp/bin/
LIBRARY_PATH=/usr/local/pspdev/pspdev/bin/../lib/gcc/psp/11.2.0/:/usr/local/pspdev/pspdev/bin/../lib/gcc/:/usr/local/pspdev/pspdev/bin/../lib/gcc/psp/11.2.0/../../../../psp/lib/
COLLECT_GCC_OPTIONS='-c' '-fno-openmp' '-fno-openacc' '-fno-pie' '-fcf-protection=none' '-G' '0' '-mhard-float' '-msingle-float' '-O3' '-O2' '-G' '0' '-L/usr/local/pspdev/pspdev/lib' '-L/usr/local/pspdev/pspdev/psp/lib' '-L/usr/local/pspdev/pspdev/psp/sdk/lib' '-v' '-L/usr/local/pspdev/pspdev/lib' '-L/usr/local/pspdev/pspdev/psp/lib' '-L/usr/local/pspdev/pspdev/psp/sdk/lib' '-mhard-float' '-msingle-float'   '-fltrans-output-list=/tmp/cccR5sMg.ltrans.out' '-fwpa' '-fresolution=/tmp/ccAuoLx2.res' '-flinker-output=exec' '-dumpdir' './cmTC_8023a.wpa.'
/usr/local/pspdev/pspdev/bin/psp-g++ @/tmp/ccsD044d
Using built-in specs.
COLLECT_GCC=/usr/local/pspdev/pspdev/bin/psp-g++
Target: psp
Configured with: ../configure --quiet --prefix=/home/runner/work/pspdev/pspdev/pspdev --target=psp --enable-languages=c,c++ --with-float=hard --with-newlib --disable-libssp --disable-multilib --enable-cxx-flags=-G0 --enable-threads=posix --silent
Thread model: posix
Supported LTO compression algorithms: zlib
gcc version 11.2.0 (GCC) 
COLLECT_GCC_OPTIONS='-c' '-fno-openmp' '-fno-openacc' '-fno-pie' '-fcf-protection=none' '-G' '0' '-mhard-float' '-msingle-float' '-O3' '-O2' '-G' '0' '-L/usr/local/pspdev/pspdev/lib' '-L/usr/local/pspdev/pspdev/psp/lib' '-L/usr/local/pspdev/pspdev/psp/sdk/lib' '-v' '-L/usr/local/pspdev/pspdev/lib' '-L/usr/local/pspdev/pspdev/psp/lib' '-L/usr/local/pspdev/pspdev/psp/sdk/lib' '-mhard-float' '-msingle-float'   '-fltrans' '-o' '/tmp/cccR5sMg.ltrans0.ltrans.o'
 /usr/local/pspdev/pspdev/bin/../lib/gcc/../../libexec/gcc/psp/11.2.0/lto1 -G 0 -G 0 -quiet -dumpbase ./cmTC_8023a.ltrans0.ltrans -mhard-float -msingle-float -mhard-float -msingle-float -O3 -O2 -version -fno-openmp -fno-openacc -fno-pie -fcf-protection=none -fltrans @/tmp/ccxgLSHr -o /tmp/cciLVPvs.s
GNU GIMPLE (GCC) version 11.2.0 (psp)
	compiled by GNU C version 9.4.0, GMP version 6.2.0, MPFR version 4.0.2, MPC version 1.1.0, isl version none
GGC heuristics: --param ggc-min-expand=100 --param ggc-min-heapsize=131072
GNU GIMPLE (GCC) version 11.2.0 (psp)
	compiled by GNU C version 9.4.0, GMP version 6.2.0, MPFR version 4.0.2, MPC version 1.1.0, isl version none
GGC heuristics: --param ggc-min-expand=100 --param ggc-min-heapsize=131072
COLLECT_GCC_OPTIONS='-c' '-fno-openmp' '-fno-openacc' '-fno-pie' '-fcf-protection=none' '-G' '0' '-mhard-float' '-msingle-float' '-O3' '-O2' '-G' '0' '-L/usr/local/pspdev/pspdev/lib' '-L/usr/local/pspdev/pspdev/psp/lib' '-L/usr/local/pspdev/pspdev/psp/sdk/lib' '-v' '-L/usr/local/pspdev/pspdev/lib' '-L/usr/local/pspdev/pspdev/psp/lib' '-L/usr/local/pspdev/pspdev/psp/sdk/lib' '-mhard-float' '-msingle-float'   '-fltrans' '-o' '/tmp/cccR5sMg.ltrans0.ltrans.o'
 /usr/local/pspdev/pspdev/bin/../lib/gcc/psp/11.2.0/../../../../psp/bin/as -G 0 -G 0 -EL -O2 -mabi=eabi -mhard-float -mhard-float -msingle-float -msingle-float -o /tmp/cccR5sMg.ltrans0.ltrans.o /tmp/cciLVPvs.s
COMPILER_PATH=/usr/local/pspdev/pspdev/bin/../lib/gcc/../../libexec/gcc/psp/11.2.0/:/usr/local/pspdev/pspdev/bin/../lib/gcc/../../libexec/gcc/:/usr/local/pspdev/pspdev/bin/../libexec/gcc/psp/11.2.0/:/usr/local/pspdev/pspdev/bin/../libexec/gcc/psp/11.2.0/:/usr/local/pspdev/pspdev/bin/../libexec/gcc/:/usr/local/pspdev/pspdev/bin/../lib/gcc/psp/11.2.0/../../../../psp/bin/:/usr/local/pspdev/pspdev/bin/../lib/gcc/psp/11.2.0/../../../../psp/bin/
LIBRARY_PATH=/usr/local/pspdev/pspdev/bin/../lib/gcc/psp/11.2.0/:/usr/local/pspdev/pspdev/bin/../lib/gcc/:/usr/local/pspdev/pspdev/bin/../lib/gcc/psp/11.2.0/../../../../psp/lib/
COLLECT_GCC_OPTIONS='-c' '-fno-openmp' '-fno-openacc' '-fno-pie' '-fcf-protection=none' '-G' '0' '-mhard-float' '-msingle-float' '-O3' '-O2' '-G' '0' '-L/usr/local/pspdev/pspdev/lib' '-L/usr/local/pspdev/pspdev/psp/lib' '-L/usr/local/pspdev/pspdev/psp/sdk/lib' '-v' '-L/usr/local/pspdev/pspdev/lib' '-L/usr/local/pspdev/pspdev/psp/lib' '-L/usr/local/pspdev/pspdev/psp/sdk/lib' '-mhard-float' '-msingle-float'   '-fltrans' '-o' '/tmp/cccR5sMg.ltrans0.ltrans.o' '-dumpdir' './cmTC_8023a.ltrans0.ltrans.'
COLLECT_GCC_OPTIONS='-I' '/usr/local/pspdev/pspdev/psp/include' '-I' '/usr/local/pspdev/pspdev/psp/sdk/include' '-D' 'PSP' '-O2' '-G' '0' '-L/usr/local/pspdev/pspdev/lib' '-L/usr/local/pspdev/pspdev/psp/lib' '-L/usr/local/pspdev/pspdev/psp/sdk/lib' '-v' '-o' 'cmTC_8023a' '-L/usr/local/pspdev/pspdev/lib' '-L/usr/local/pspdev/pspdev/psp/lib' '-L/usr/local/pspdev/pspdev/psp/sdk/lib' '-mhard-float' '-msingle-float' '-dumpdir' 'cmTC_8023a.'
make[1]: Leaving directory '/mnt/c/Users/spinn/Documents/GitHub/Crystalline/src/build/CMakeFiles/CMakeTmp'



Parsed CXX implicit include dir info from above output: rv=done
  found start of include info
  found start of implicit include info
    add: [/usr/local/pspdev/pspdev/psp/sdk/include]
    add: [/usr/local/pspdev/pspdev/bin/../lib/gcc/psp/11.2.0/../../../../psp/include/c++/11.2.0]
    add: [/usr/local/pspdev/pspdev/bin/../lib/gcc/psp/11.2.0/../../../../psp/include/c++/11.2.0/psp]
    add: [/usr/local/pspdev/pspdev/bin/../lib/gcc/psp/11.2.0/../../../../psp/include/c++/11.2.0/backward]
    add: [/usr/local/pspdev/pspdev/bin/../lib/gcc/psp/11.2.0/include]
    add: [/usr/local/pspdev/pspdev/bin/../lib/gcc/psp/11.2.0/include-fixed]
    add: [/usr/local/pspdev/pspdev/bin/../lib/gcc/psp/11.2.0/../../../../psp/include]
  end of search list found
  collapse include dir [/usr/local/pspdev/pspdev/psp/sdk/include] ==> [/usr/local/pspdev/pspdev/psp/sdk/include]
  collapse include dir [/usr/local/pspdev/pspdev/bin/../lib/gcc/psp/11.2.0/../../../../psp/include/c++/11.2.0] ==> [/usr/local/pspdev/pspdev/psp/include/c++/11.2.0]
  collapse include dir [/usr/local/pspdev/pspdev/bin/../lib/gcc/psp/11.2.0/../../../../psp/include/c++/11.2.0/psp] ==> [/usr/local/pspdev/pspdev/psp/include/c++/11.2.0/psp]
  collapse include dir [/usr/local/pspdev/pspdev/bin/../lib/gcc/psp/11.2.0/../../../../psp/include/c++/11.2.0/backward] ==> [/usr/local/pspdev/pspdev/psp/include/c++/11.2.0/backward]
  collapse include dir [/usr/local/pspdev/pspdev/bin/../lib/gcc/psp/11.2.0/include] ==> [/usr/local/pspdev/pspdev/lib/gcc/psp/11.2.0/include]
  collapse include dir [/usr/local/pspdev/pspdev/bin/../lib/gcc/psp/11.2.0/include-fixed] ==> [/usr/local/pspdev/pspdev/lib/gcc/psp/11.2.0/include-fixed]
  collapse include dir [/usr/local/pspdev/pspdev/bin/../lib/gcc/psp/11.2.0/../../../../psp/include] ==> [/usr/local/pspdev/pspdev/psp/include]
  implicit include dirs: [/usr/local/pspdev/pspdev/psp/sdk/include;/usr/local/pspdev/pspdev/psp/include/c++/11.2.0;/usr/local/pspdev/pspdev/psp/include/c++/11.2.0/psp;/usr/local/pspdev/pspdev/psp/include/c++/11.2.0/backward;/usr/local/pspdev/pspdev/lib/gcc/psp/11.2.0/include;/usr/local/pspdev/pspdev/lib/gcc/psp/11.2.0/include-fixed;/usr/local/pspdev/pspdev/psp/include]


Parsed CXX implicit link information from above output:
  link line regex: [^( *|.*[/\])(psp-ld|CMAKE_LINK_STARTFILE-NOTFOUND|([^/\]+-)?ld|collect2)[^/\]*( |$)]
  ignore line: [Change Dir: /mnt/c/Users/spinn/Documents/GitHub/Crystalline/src/build/CMakeFiles/CMakeTmp]
  ignore line: []
  ignore line: [Run Build Command(s):/usr/bin/make cmTC_8023a/fast && /usr/bin/make -f CMakeFiles/cmTC_8023a.dir/build.make CMakeFiles/cmTC_8023a.dir/build]
  ignore line: [make[1]: Entering directory '/mnt/c/Users/spinn/Documents/GitHub/Crystalline/src/build/CMakeFiles/CMakeTmp']
  ignore line: [Building CXX object CMakeFiles/cmTC_8023a.dir/CMakeCXXCompilerABI.cpp.obj]
  ignore line: [/usr/local/pspdev/pspdev/bin/psp-g++  -DPSP -D__PSP__  -I/usr/local/pspdev/pspdev/psp/include -I/usr/local/pspdev/pspdev/psp/sdk/include -DPSP -O2 -G0    -v -o CMakeFiles/cmTC_8023a.dir/CMakeCXXCompilerABI.cpp.obj -c /usr/share/cmake-3.16/Modules/CMakeCXXCompilerABI.cpp]
  ignore line: [Using built-in specs.]
  ignore line: [COLLECT_GCC=/usr/local/pspdev/pspdev/bin/psp-g++]
  ignore line: [Target: psp]
  ignore line: [Configured with: ../configure --quiet --prefix=/home/runner/work/pspdev/pspdev/pspdev --target=psp --enable-languages=c c++ --with-float=hard --with-newlib --disable-libssp --disable-multilib --enable-cxx-flags=-G0 --enable-threads=posix --silent]
  ignore line: [Thread model: posix]
  ignore line: [Supported LTO compression algorithms: zlib]
  ignore line: [gcc version 11.2.0 (GCC) ]
  ignore line: [COLLECT_GCC_OPTIONS='-D' 'PSP' '-D' '__PSP__' '-I' '/usr/local/pspdev/pspdev/psp/include' '-I' '/usr/local/pspdev/pspdev/psp/sdk/include' '-D' 'PSP' '-O2' '-G' '0' '-v' '-o' 'CMakeFiles/cmTC_8023a.dir/CMakeCXXCompilerABI.cpp.obj' '-c' '-mhard-float' '-msingle-float' '-dumpdir' 'CMakeFiles/cmTC_8023a.dir/']
  ignore line: [ /usr/local/pspdev/pspdev/bin/../libexec/gcc/psp/11.2.0/cc1plus -quiet -v -I /usr/local/pspdev/pspdev/psp/include -I /usr/local/pspdev/pspdev/psp/sdk/include -iprefix /usr/local/pspdev/pspdev/bin/../lib/gcc/psp/11.2.0/ -DPSP=1 -D__PSP__=1 -D_PSP=1 -D__psp__=1 -D PSP -D __PSP__ -D PSP /usr/share/cmake-3.16/Modules/CMakeCXXCompilerABI.cpp -G 0 -quiet -dumpdir CMakeFiles/cmTC_8023a.dir/ -dumpbase CMakeCXXCompilerABI.cpp.cpp -dumpbase-ext .cpp -mhard-float -msingle-float -O2 -version -o /tmp/ccSWJ9fz.s]
  ignore line: [GNU C++17 (GCC) version 11.2.0 (psp)]
  ignore line: [	compiled by GNU C version 9.4.0  GMP version 6.2.0  MPFR version 4.0.2  MPC version 1.1.0  isl version none]
  ignore line: [GGC heuristics: --param ggc-min-expand=100 --param ggc-min-heapsize=131072]
  ignore line: [ignoring nonexistent directory "/usr/local/pspdev/pspdev/bin/../lib/gcc/psp/11.2.0/../../../../psp/sys-include"]
  ignore line: [ignoring duplicate directory "/usr/local/pspdev/pspdev/bin/../lib/gcc/../../lib/gcc/psp/11.2.0/../../../../psp/include/c++/11.2.0"]
  ignore line: [ignoring duplicate directory "/usr/local/pspdev/pspdev/bin/../lib/gcc/../../lib/gcc/psp/11.2.0/../../../../psp/include/c++/11.2.0/psp"]
  ignore line: [ignoring duplicate directory "/usr/local/pspdev/pspdev/bin/../lib/gcc/../../lib/gcc/psp/11.2.0/../../../../psp/include/c++/11.2.0/backward"]
  ignore line: [ignoring duplicate directory "/usr/local/pspdev/pspdev/bin/../lib/gcc/../../lib/gcc/psp/11.2.0/include"]
  ignore line: [ignoring duplicate directory "/usr/local/pspdev/pspdev/bin/../lib/gcc/../../lib/gcc/psp/11.2.0/include-fixed"]
  ignore line: [ignoring nonexistent directory "/usr/local/pspdev/pspdev/bin/../lib/gcc/../../lib/gcc/psp/11.2.0/../../../../psp/sys-include"]
  ignore line: [ignoring duplicate directory "/usr/local/pspdev/pspdev/bin/../lib/gcc/../../lib/gcc/psp/11.2.0/../../../../psp/include"]
  ignore line: [ignoring duplicate directory "/usr/local/pspdev/pspdev/psp/include"]
  ignore line: [  as it is a non-system directory that duplicates a system directory]
  ignore line: [#include "..." search starts here:]
  ignore line: [#include <...> search starts here:]
  ignore line: [ /usr/local/pspdev/pspdev/psp/sdk/include]
  ignore line: [ /usr/local/pspdev/pspdev/bin/../lib/gcc/psp/11.2.0/../../../../psp/include/c++/11.2.0]
  ignore line: [ /usr/local/pspdev/pspdev/bin/../lib/gcc/psp/11.2.0/../../../../psp/include/c++/11.2.0/psp]
  ignore line: [ /usr/local/pspdev/pspdev/bin/../lib/gcc/psp/11.2.0/../../../../psp/include/c++/11.2.0/backward]
  ignore line: [ /usr/local/pspdev/pspdev/bin/../lib/gcc/psp/11.2.0/include]
  ignore line: [ /usr/local/pspdev/pspdev/bin/../lib/gcc/psp/11.2.0/include-fixed]
  ignore line: [ /usr/local/pspdev/pspdev/bin/../lib/gcc/psp/11.2.0/../../../../psp/include]
  ignore line: [End of search list.]
  ignore line: [GNU C++17 (GCC) version 11.2.0 (psp)]
  ignore line: [	compiled by GNU C version 9.4.0  GMP version 6.2.0  MPFR version 4.0.2  MPC version 1.1.0  isl version none]
  ignore line: [GGC heuristics: --param ggc-min-expand=100 --param ggc-min-heapsize=131072]
  ignore line: [Compiler executable checksum: 61a566b22e0033b82854ec75cd749995]
  ignore line: [COLLECT_GCC_OPTIONS='-D' 'PSP' '-D' '__PSP__' '-I' '/usr/local/pspdev/pspdev/psp/include' '-I' '/usr/local/pspdev/pspdev/psp/sdk/include' '-D' 'PSP' '-O2' '-G' '0' '-v' '-o' 'CMakeFiles/cmTC_8023a.dir/CMakeCXXCompilerABI.cpp.obj' '-c' '-mhard-float' '-msingle-float' '-dumpdir' 'CMakeFiles/cmTC_8023a.dir/']
  ignore line: [ /usr/local/pspdev/pspdev/bin/../lib/gcc/psp/11.2.0/../../../../psp/bin/as -G 0 -EL -O2 -mabi=eabi -mhard-float -msingle-float -o CMakeFiles/cmTC_8023a.dir/CMakeCXXCompilerABI.cpp.obj /tmp/ccSWJ9fz.s]
  ignore line: [COMPILER_PATH=/usr/local/pspdev/pspdev/bin/../libexec/gcc/psp/11.2.0/:/usr/local/pspdev/pspdev/bin/../libexec/gcc/:/usr/local/pspdev/pspdev/bin/../lib/gcc/psp/11.2.0/../../../../psp/bin/]
  ignore line: [LIBRARY_PATH=/usr/local/pspdev/pspdev/bin/../lib/gcc/psp/11.2.0/:/usr/local/pspdev/pspdev/bin/../lib/gcc/:/usr/local/pspdev/pspdev/bin/../lib/gcc/psp/11.2.0/../../../../psp/lib/]
  ignore line: [COLLECT_GCC_OPTIONS='-D' 'PSP' '-D' '__PSP__' '-I' '/usr/local/pspdev/pspdev/psp/include' '-I' '/usr/local/pspdev/pspdev/psp/sdk/include' '-D' 'PSP' '-O2' '-G' '0' '-v' '-o' 'CMakeFiles/cmTC_8023a.dir/CMakeCXXCompilerABI.cpp.obj' '-c' '-mhard-float' '-msingle-float' '-dumpdir' 'CMakeFiles/cmTC_8023a.dir/CMakeCXXCompilerABI.cpp.']
  ignore line: [Linking CXX executable cmTC_8023a]
  ignore line: [/usr/bin/cmake -E cmake_link_script CMakeFiles/cmTC_8023a.dir/link.txt --verbose=1]
  ignore line: [/usr/local/pspdev/pspdev/bin/psp-g++  -I/usr/local/pspdev/pspdev/psp/include -I/usr/local/pspdev/pspdev/psp/sdk/include -DPSP -O2 -G0   -L/usr/local/pspdev/pspdev/lib -L/usr/local/pspdev/pspdev/psp/lib -L/usr/local/pspdev/pspdev/psp/sdk/lib -Wl -zmax-page-size=128 -v CMakeFiles/cmTC_8023a.dir/CMakeCXXCompilerABI.cpp.obj  -o cmTC_8023a   -L/usr/local/pspdev/pspdev/lib  -L/usr/local/pspdev/pspdev/psp/lib  -L/usr/local/pspdev/pspdev/psp/sdk/lib ]
  ignore line: [Using built-in specs.]
  ignore line: [COLLECT_GCC=/usr/local/pspdev/pspdev/bin/psp-g++]
  ignore line: [COLLECT_LTO_WRAPPER=/usr/local/pspdev/pspdev/bin/../libexec/gcc/psp/11.2.0/lto-wrapper]
  ignore line: [Target: psp]
  ignore line: [Configured with: ../configure --quiet --prefix=/home/runner/work/pspdev/pspdev/pspdev --target=psp --enable-languages=c c++ --with-float=hard --with-newlib --disable-libssp --disable-multilib --enable-cxx-flags=-G0 --enable-threads=posix --silent]
  ignore line: [Thread model: posix]
  ignore line: [Supported LTO compression algorithms: zlib]
  ignore line: [gcc version 11.2.0 (GCC) ]
  ignore line: [COMPILER_PATH=/usr/local/pspdev/pspdev/bin/../libexec/gcc/psp/11.2.0/:/usr/local/pspdev/pspdev/bin/../libexec/gcc/:/usr/local/pspdev/pspdev/bin/../lib/gcc/psp/11.2.0/../../../../psp/bin/]
  ignore line: [LIBRARY_PATH=/usr/local/pspdev/pspdev/bin/../lib/gcc/psp/11.2.0/:/usr/local/pspdev/pspdev/bin/../lib/gcc/:/usr/local/pspdev/pspdev/bin/../lib/gcc/psp/11.2.0/../../../../psp/lib/]
  ignore line: [COLLECT_GCC_OPTIONS='-I' '/usr/local/pspdev/pspdev/psp/include' '-I' '/usr/local/pspdev/pspdev/psp/sdk/include' '-D' 'PSP' '-O2' '-G' '0' '-L/usr/local/pspdev/pspdev/lib' '-L/usr/local/pspdev/pspdev/psp/lib' '-L/usr/local/pspdev/pspdev/psp/sdk/lib' '-v' '-o' 'cmTC_8023a' '-L/usr/local/pspdev/pspdev/lib' '-L/usr/local/pspdev/pspdev/psp/lib' '-L/usr/local/pspdev/pspdev/psp/sdk/lib' '-mhard-float' '-msingle-float' '-dumpdir' 'cmTC_8023a.']
  link line: [ /usr/local/pspdev/pspdev/bin/../libexec/gcc/psp/11.2.0/collect2 -plugin /usr/local/pspdev/pspdev/bin/../libexec/gcc/psp/11.2.0/liblto_plugin.so -plugin-opt=/usr/local/pspdev/pspdev/bin/../libexec/gcc/psp/11.2.0/lto-wrapper -plugin-opt=-fresolution=/tmp/ccAuoLx2.res -plugin-opt=-pass-through=-lgcc -plugin-opt=-pass-through=-lm -plugin-opt=-pass-through=-lpthreadglue -plugin-opt=-pass-through=-lpthread -plugin-opt=-pass-through=-lcglue -plugin-opt=-pass-through=-lc -plugin-opt=-pass-through=-lpsputility -plugin-opt=-pass-through=-lpsprtc -plugin-opt=-pass-through=-lpspnet_inet -plugin-opt=-pass-through=-lpspnet_resolver -plugin-opt=-pass-through=-lpspsdk -plugin-opt=-pass-through=-lpspmodinfo -plugin-opt=-pass-through=-lpspuser -plugin-opt=-pass-through=-lpspkernel -plugin-opt=-pass-through=-lgcc -EL -G 0 -o cmTC_8023a /usr/local/pspdev/pspdev/bin/../lib/gcc/psp/11.2.0/../../../../psp/lib/crt0.o /usr/local/pspdev/pspdev/bin/../lib/gcc/psp/11.2.0/crti.o /usr/local/pspdev/pspdev/bin/../lib/gcc/psp/11.2.0/crtbegin.o -L/usr/local/pspdev/pspdev/lib -L/usr/local/pspdev/pspdev/psp/lib -L/usr/local/pspdev/pspdev/psp/sdk/lib -L/usr/local/pspdev/pspdev/lib -L/usr/local/pspdev/pspdev/psp/lib -L/usr/local/pspdev/pspdev/psp/sdk/lib -L/usr/local/pspdev/pspdev/bin/../lib/gcc/psp/11.2.0 -L/usr/local/pspdev/pspdev/bin/../lib/gcc -L/usr/local/pspdev/pspdev/bin/../lib/gcc/psp/11.2.0/../../../../psp/lib -zmax-page-size=128 CMakeFiles/cmTC_8023a.dir/CMakeCXXCompilerABI.cpp.obj -lstdc++ -lm -lgcc -lm --start-group -lpthreadglue -lpthread -lcglue -lc --end-group -lpsputility -lpsprtc -lpspnet_inet -lpspnet_resolver -lpspsdk -lpspmodinfo -lpspuser -lpspkernel -lgcc /usr/local/pspdev/pspdev/bin/../lib/gcc/psp/11.2.0/crtend.o /usr/local/pspdev/pspdev/bin/../lib/gcc/psp/11.2.0/crtn.o]
    arg [/usr/local/pspdev/pspdev/bin/../libexec/gcc/psp/11.2.0/collect2] ==> ignore
    arg [-plugin] ==> ignore
    arg [/usr/local/pspdev/pspdev/bin/../libexec/gcc/psp/11.2.0/liblto_plugin.so] ==> ignore
    arg [-plugin-opt=/usr/local/pspdev/pspdev/bin/../libexec/gcc/psp/11.2.0/lto-wrapper] ==> ignore
    arg [-plugin-opt=-fresolution=/tmp/ccAuoLx2.res] ==> ignore
    arg [-plugin-opt=-pass-through=-lgcc] ==> ignore
    arg [-plugin-opt=-pass-through=-lm] ==> ignore
    arg [-plugin-opt=-pass-through=-lpthreadglue] ==> ignore
    arg [-plugin-opt=-pass-through=-lpthread] ==> ignore
    arg [-plugin-opt=-pass-through=-lcglue] ==> ignore
    arg [-plugin-opt=-pass-through=-lc] ==> ignore
    arg [-plugin-opt=-pass-through=-lpsputility] ==> ignore
    arg [-plugin-opt=-pass-through=-lpsprtc] ==> ignore
    arg [-plugin-opt=-pass-through=-lpspnet_inet] ==> ignore
    arg [-plugin-opt=-pass-through=-lpspnet_resolver] ==> ignore
    arg [-plugin-opt=-pass-through=-lpspsdk] ==> ignore
    arg [-plugin-opt=-pass-through=-lpspmodinfo] ==> ignore
    arg [-plugin-opt=-pass-through=-lpspuser] ==> ignore
    arg [-plugin-opt=-pass-through=-lpspkernel] ==> ignore
    arg [-plugin-opt=-pass-through=-lgcc] ==> ignore
    arg [-EL] ==> ignore
    arg [-G] ==> ignore
    arg [0] ==> ignore
    arg [-o] ==> ignore
    arg [cmTC_8023a] ==> ignore
    arg [/usr/local/pspdev/pspdev/bin/../lib/gcc/psp/11.2.0/../../../../psp/lib/crt0.o] ==> ignore
    arg [/usr/local/pspdev/pspdev/bin/../lib/gcc/psp/11.2.0/crti.o] ==> ignore
    arg [/usr/local/pspdev/pspdev/bin/../lib/gcc/psp/11.2.0/crtbegin.o] ==> ignore
    arg [-L/usr/local/pspdev/pspdev/lib] ==> dir [/usr/local/pspdev/pspdev/lib]
    arg [-L/usr/local/pspdev/pspdev/psp/lib] ==> dir [/usr/local/pspdev/pspdev/psp/lib]
    arg [-L/usr/local/pspdev/pspdev/psp/sdk/lib] ==> dir [/usr/local/pspdev/pspdev/psp/sdk/lib]
    arg [-L/usr/local/pspdev/pspdev/lib] ==> dir [/usr/local/pspdev/pspdev/lib]
    arg [-L/usr/local/pspdev/pspdev/psp/lib] ==> dir [/usr/local/pspdev/pspdev/psp/lib]
    arg [-L/usr/local/pspdev/pspdev/psp/sdk/lib] ==> dir [/usr/local/pspdev/pspdev/psp/sdk/lib]
    arg [-L/usr/local/pspdev/pspdev/bin/../lib/gcc/psp/11.2.0] ==> dir [/usr/local/pspdev/pspdev/bin/../lib/gcc/psp/11.2.0]
    arg [-L/usr/local/pspdev/pspdev/bin/../lib/gcc] ==> dir [/usr/local/pspdev/pspdev/bin/../lib/gcc]
    arg [-L/usr/local/pspdev/pspdev/bin/../lib/gcc/psp/11.2.0/../../../../psp/lib] ==> dir [/usr/local/pspdev/pspdev/bin/../lib/gcc/psp/11.2.0/../../../../psp/lib]
    arg [-zmax-page-size=128] ==> ignore
    arg [CMakeFiles/cmTC_8023a.dir/CMakeCXXCompilerABI.cpp.obj] ==> ignore
    arg [-lstdc++] ==> lib [stdc++]
    arg [-lm] ==> lib [m]
    arg [-lgcc] ==> lib [gcc]
    arg [-lm] ==> lib [m]
    arg [--start-group] ==> ignore
    arg [-lpthreadglue] ==> lib [pthreadglue]
    arg [-lpthread] ==> lib [pthread]
    arg [-lcglue] ==> lib [cglue]
    arg [-lc] ==> lib [c]
    arg [--end-group] ==> ignore
    arg [-lpsputility] ==> lib [psputility]
    arg [-lpsprtc] ==> lib [psprtc]
    arg [-lpspnet_inet] ==> lib [pspnet_inet]
    arg [-lpspnet_resolver] ==> lib [pspnet_resolver]
    arg [-lpspsdk] ==> lib [pspsdk]
    arg [-lpspmodinfo] ==> lib [pspmodinfo]
    arg [-lpspuser] ==> lib [pspuser]
    arg [-lpspkernel] ==> lib [pspkernel]
    arg [-lgcc] ==> lib [gcc]
    arg [/usr/local/pspdev/pspdev/bin/../lib/gcc/psp/11.2.0/crtend.o] ==> ignore
    arg [/usr/local/pspdev/pspdev/bin/../lib/gcc/psp/11.2.0/crtn.o] ==> ignore
  collapse library dir [/usr/local/pspdev/pspdev/lib] ==> [/usr/local/pspdev/pspdev/lib]
  collapse library dir [/usr/local/pspdev/pspdev/psp/lib] ==> [/usr/local/pspdev/pspdev/psp/lib]
  collapse library dir [/usr/local/pspdev/pspdev/psp/sdk/lib] ==> [/usr/local/pspdev/pspdev/psp/sdk/lib]
  collapse library dir [/usr/local/pspdev/pspdev/lib] ==> [/usr/local/pspdev/pspdev/lib]
  collapse library dir [/usr/local/pspdev/pspdev/psp/lib] ==> [/usr/local/pspdev/pspdev/psp/lib]
  collapse library dir [/usr/local/pspdev/pspdev/psp/sdk/lib] ==> [/usr/local/pspdev/pspdev/psp/sdk/lib]
  collapse library dir [/usr/local/pspdev/pspdev/bin/../lib/gcc/psp/11.2.0] ==> [/usr/local/pspdev/pspdev/lib/gcc/psp/11.2.0]
  collapse library dir [/usr/local/pspdev/pspdev/bin/../lib/gcc] ==> [/usr/local/pspdev/pspdev/lib/gcc]
  collapse library dir [/usr/local/pspdev/pspdev/bin/../lib/gcc/psp/11.2.0/../../../../psp/lib] ==> [/usr/local/pspdev/pspdev/psp/lib]
  implicit libs: [stdc++;m;gcc;m;pthreadglue;pthread;cglue;c;psputility;psprtc;pspnet_inet;pspnet_resolver;pspsdk;pspmodinfo;pspuser;pspkernel;gcc]
  implicit dirs: [/usr/local/pspdev/pspdev/lib;/usr/local/pspdev/pspdev/psp/lib;/usr/local/pspdev/pspdev/psp/sdk/lib;/usr/local/pspdev/pspdev/lib/gcc/psp/11.2.0;/usr/local/pspdev/pspdev/lib/gcc]
  implicit fwks: []


